INFO: 2015-10-14 20:43:48.835712 msg: GET /bookmarks
INFO: 2015-10-14 20:44:15.052147 msg: GET /bookmarks?bookmarks_user_id=3&userId=3&page=1&perpage=10
INFO: 2015-10-14 20:45:09.030941 msg: GET /bookmarks?bookmarks_user_id=3&userId=3&page=1&perpage=10
INFO: 2015-10-14 20:45:50.381984 msg: GET /bookmarks?bookmarks_user_id=3&userId=3&page=1&perpage=10
INFO: 2015-10-14 20:45:59.273125 msg: GET /bookmarks?bookmarks_user_id=3&userId=3&page=1&perpage=10
INFO: 2015-10-14 20:46:07.268375 msg: GET /bookmarks?bookmarks_user_id=3&userId=3&page=1&perpage=10
INFO: 2015-10-14 20:46:56.310895 msg: GET /bookmarks?bookmarks_user_id=3&user_id=3&page=1&perpage=10
INFO: 2015-10-14 20:47:43.336438 msg: GET /bookmarks?bookmarks_user_id=3&user_id=3&page=1&perpage=10
INFO: 2015-10-14 20:48:16.428422 msg: GET /bookmarks?bookmarks_user_id=3&user_id=3&page=1&perpage=10
INFO: 2015-10-14 20:48:37.959623 msg: GET /bookmarks?bookmarks_user_id=3&user_id=3&page=1&perpage=10
INFO: 2015-10-14 20:51:19.069017 msg: GET /bookmarks?bookmarks_user_id=3&user_id=3&page=1&perpage=10
ERROR: 2015-10-14 20:51:19.099459 msg: Bookmark matching query does not exist.
INFO: 2015-10-14 20:52:22.884259 msg: GET /bookmarks?bookmarks_user_id=3&user_id=3&page=1&perpage=10
ERROR: 2015-10-14 20:52:22.916025 msg: Bookmark matching query does not exist.
INFO: 2015-10-14 20:52:46.527534 msg: GET /bookmarks?bookmarks_user_id=3&user_id=3&page=1&perpage=10
INFO: 2015-10-14 20:53:47.373231 msg: GET /bookmarks?bookmarks_user_id=3&user_id=3&page=1&perpage=10
INFO: 2015-10-14 20:54:12.029703 msg: GET /bookmarks?bookmarks_user_id=3&user_id=3&page=1&perpage=10
INFO: 2015-10-14 20:55:01.689050 msg: GET /bookmarks?bookmarks_user_id=3&user_id=3&page=1&perpage=10
INFO: 2015-10-14 20:58:36.946950 msg: GET /bookmarks?bookmarks_user_id=3&user_id=3&page=1&perpage=10
INFO: 2015-10-14 20:59:02.113580 msg: GET /bookmarks?bookmarks_user_id=3&user_id=3&page=1&perpage=10
INFO: 2015-10-14 20:59:16.440400 msg: GET /bookmarks?bookmarks_user_id=3&user_id=3&page=1&per_page=10
INFO: 2015-10-14 20:59:29.266137 msg: GET /bookmarks?bookmarks_user_id=3&user_id=3&page=1&per_page=10
INFO: 2015-10-14 21:00:45.443637 msg: GET /bookmarks?bookmarks_user_id=3&user_id=3&page=1&per_page=10
INFO: 2015-10-14 21:01:42.321817 msg: GET /bookmarks?bookmarks_user_id=3&user_id=3&page=1&per_page=10
INFO: 2015-10-14 21:01:58.476996 msg: GET /bookmarks?bookmarks_user_id=3&user_id=3&page=1&per_page=10
INFO: 2015-10-14 21:02:59.752493 msg: GET /bookmarks?bookmarks_user_id=3&user_id=3&page=1&per_page=10
INFO: 2015-10-14 21:04:19.874317 msg: GET /bookmarks?bookmarks_user_id=3&user_id=3&page=1&per_page=10
INFO: 2015-10-14 21:05:38.697573 msg: GET /bookmarks?bookmarks_user_id=3&user_id=3&page=1&per_page=10
INFO: 2015-10-14 21:05:57.999294 msg: GET /bookmarks?bookmarks_user_id=3&user_id=3&page=1&per_page=10
INFO: 2015-10-14 21:06:23.966481 msg: GET /bookmarks?bookmarks_user_id=3&user_id=3&page=1&per_page=10
INFO: 2015-10-14 21:06:30.920349 msg: GET /bookmarks?bookmarks_user_id=3&user_id=3&page=1&per_page=10
INFO: 2015-10-14 21:07:08.145498 msg: GET /bookmarks?bookmarks_user_id=3&user_id=3&page=1&per_page=10
INFO: 2015-10-14 21:10:38.808324 msg: GET /bookmarks?bookmarks_user_id=3&user_id=3&page=1&per_page=10
INFO: 2015-10-14 21:10:45.401157 msg: GET /bookmarks?bookmarks_user_id=3&user_id=3&page=1&per_page=10
INFO: 2015-10-14 21:11:13.149524 msg: GET /bookmarks?bookmarks_user_id=3&user_id=3&page=1&per_page=10
INFO: 2015-10-14 21:11:23.929762 msg: GET /bookmarks?bookmarks_user_id=3&user_id=3&page=1&per_page=10
INFO: 2015-10-14 21:12:04.171260 msg: GET /bookmarks?bookmarks_user_id=3&user_id=3&page=1&per_page=10
INFO: 2015-10-15 19:45:40.747719 msg: GET /bookmarks?bookmarks_user_id=3&user_id=3&page=1&per_page=10
INFO: 2015-10-15 19:46:13.418144 msg: GET /bookmarks?bookmarks_user_id=3&user_id=3&page=1&per_page=10
INFO: 2015-10-15 19:46:31.544227 msg: GET /bookmarks?bookmarks_user_id=3&user_id=3&page=1&per_page=10
INFO: 2015-10-16 20:32:47.029886 msg: GET /bookmarks?bookmarks_user_id=3&user_id=3&page=1&per_page=10
INFO: 2015-10-16 20:34:56.258362 msg: POST /addbookmark
INFO: 2015-10-16 20:43:31.793296 msg: GET /bookmarks?bookmarks_user_id=3&user_id=3&page=1&per_page=10
INFO: 2015-10-16 20:44:39.158858 msg: POST /addbookmark
INFO: 2015-10-16 20:45:04.667282 msg: POST /addbookmark
INFO: 2015-10-16 20:51:06.624761 msg: POST /addbookmark
ERROR: 2015-10-16 20:51:10.573948 msg: null value in column "user_id" violates not-null constraint
DETAIL:  Failing row contains (4, #first, this if, null, t, null, 2015-10-16 20:50:39.756791+00).

INFO: 2015-10-16 20:52:33.647387 msg: POST /addbookmark
INFO: 2015-10-16 20:54:33.937107 msg: POST /addbookmark
INFO: 2015-10-16 20:54:44.690532 msg: POST /addbookmark
INFO: 2015-10-16 20:55:14.845996 msg: POST /addbookmark
INFO: 2015-10-16 20:55:21.186740 msg: Bookmark added
INFO: 2015-10-16 20:56:01.198143 msg: GET /bookmarks?bookmarks_user_id=3&user_id=3&page=1&per_page=10
INFO: 2015-10-16 20:58:39.160512 msg: GET /bookmarks?bookmarks_user_id=3&user_id=3&page=1&per_page=10
INFO: 2015-10-16 21:12:46.243798 msg: POST /addbookmark
INFO: 2015-10-16 21:12:46.317190 msg: Bookmark added
INFO: 2015-10-16 21:14:19.716240 msg: POST /addbookmark
INFO: 2015-10-16 21:14:19.778292 msg: Bookmark added
INFO: 2015-10-16 21:14:24.404773 msg: GET /bookmarks?bookmarks_user_id=3&user_id=3&page=1&per_page=10
INFO: 2015-10-16 21:17:20.917598 msg: GET /bookmarks?bookmarks_user_id=3&user_id=3&page=1&per_page=10
INFO: 2015-10-16 21:18:38.892251 msg: GET /bookmarks?bookmarks_user_id=3&user_id=3&page=1&per_page=5
INFO: 2015-10-16 21:18:49.000320 msg: GET /bookmarks?bookmarks_user_id=3&user_id=3&page=2&per_page=5
INFO: 2015-10-16 21:18:50.916851 msg: GET /bookmarks?bookmarks_user_id=3&user_id=3&page=1&per_page=5
INFO: 2015-10-16 21:20:10.057377 msg: GET /bookmarks?bookmarks_user_id=3&user_id=3&page=1&per_page=5
INFO: 2015-10-16 21:20:41.147684 msg: POST /addbookmark
INFO: 2015-10-16 21:20:41.221612 msg: Bookmark added
INFO: 2015-10-16 21:20:41.482942 msg: GET /bookmarks?bookmarks_user_id=3&user_id=3&page=1&per_page=5
INFO: 2015-10-16 21:20:43.366955 msg: GET /bookmarks?bookmarks_user_id=3&user_id=3&page=2&per_page=5
INFO: 2015-10-16 21:20:57.983945 msg: GET /bookmarks?bookmarks_user_id=3&user_id=3&page=1&per_page=5
INFO: 2015-10-16 21:30:49.460198 msg: GET /bookmarks?bookmarks_user_id=3&user_id=3&page=1&per_page=5
INFO: 2015-10-16 21:32:07.666909 msg: DELETE /removebookmark?id=5&user_id=3
INFO: 2015-10-16 21:32:48.966946 msg: DELETE /removebookmark?id=5&user_id=3
INFO: 2015-10-16 21:32:58.105868 msg: DELETE /removebookmark?id=5&user_id=3
INFO: 2015-10-16 21:35:20.859471 msg: DELETE /removebookmark?id=5&user_id=3
ERROR: 2015-10-16 21:36:09.892653 msg: Some params is NONE
INFO: 2015-10-16 21:36:15.011405 msg: DELETE /removebookmark?bookmark_id=5&user_id=3
INFO: 2015-10-16 21:36:50.498260 msg: DELETE /removebookmark?bookmark_id=5&user_id=3
INFO: 2015-10-16 21:37:15.957986 msg: DELETE /removebookmark?bookmark_id=5&user_id=3
INFO: 2015-10-16 21:37:22.216748 msg: GET /bookmarks?bookmarks_user_id=3&user_id=3&page=1&per_page=5
INFO: 2015-10-16 21:37:25.825683 msg: DELETE /removebookmark?bookmark_id=6&user_id=3
INFO: 2015-10-16 21:37:28.837251 msg: GET /bookmarks?bookmarks_user_id=3&user_id=3&page=1&per_page=5
INFO: 2015-10-17 12:23:15.979190 msg: GET /bookmarks?bookmarks_user_id=3&user_id=3&page=1&per_page=5
INFO: 2015-10-17 12:24:00.551961 msg: GET /bookmarks?bookmarks_user_id=3&user_id=3&page=1&per_page=5
INFO: 2015-10-17 12:25:20.720519 msg: GET /bookmarks?bookmarks_user_id=3&user_id=3&page=1&per_page=5
INFO: 2015-10-17 12:33:03.672391 msg: GET /bookmark?bookmark_id=7
INFO: 2015-10-17 12:33:09.450820 msg: bookmark is found
INFO: 2015-10-17 12:33:46.963054 msg: GET /bookmark?bookmark_id=7
INFO: 2015-10-17 12:33:47.010450 msg: bookmark is found
INFO: 2015-10-17 12:34:19.493147 msg: GET /bookmarks?bookmarks_user_id=3&user_id=3&page=1&per_page=5
INFO: 2015-10-17 12:34:23.407401 msg: GET /bookmark?bookmark_id=7
INFO: 2015-10-17 12:34:23.457250 msg: bookmark is found
INFO: 2015-10-17 12:34:56.574919 msg: GET /bookmarks?bookmarks_user_id=3&user_id=3&page=1&per_page=5
INFO: 2015-10-17 12:34:58.221017 msg: GET /bookmark?bookmark_id=7
INFO: 2015-10-17 12:34:58.260067 msg: bookmark is found
INFO: 2015-10-17 12:35:11.469023 msg: GET /bookmarks?bookmarks_user_id=3&user_id=3&page=1&per_page=5
INFO: 2015-10-17 12:35:13.280623 msg: GET /bookmark?bookmark_id=8
INFO: 2015-10-17 12:35:13.331498 msg: bookmark is found
INFO: 2015-10-17 12:40:33.039463 msg: GET /bookmarks?bookmarks_user_id=3&user_id=3&page=1&per_page=5
INFO: 2015-10-17 12:42:03.926339 msg: GET /bookmarks?bookmarks_user_id=3&user_id=3&page=1&per_page=5
INFO: 2015-10-17 12:43:36.933241 msg: GET /bookmarks?bookmarks_user_id=3&user_id=3&page=1&per_page=5
INFO: 2015-10-17 12:46:03.751446 msg: GET /bookmarks?bookmarks_user_id=3&user_id=3&page=1&per_page=5
INFO: 2015-10-17 12:46:26.615039 msg: GET /bookmark?bookmark_id=7
INFO: 2015-10-17 12:46:26.663211 msg: bookmark is found
INFO: 2015-10-17 13:03:04.278735 msg: POST /changebookmark
INFO: 2015-10-17 13:09:57.204639 msg: GET /bookmarks?bookmarks_user_id=3&user_id=3&page=1&per_page=5
INFO: 2015-10-17 13:10:13.460949 msg: POST /addbookmark
INFO: 2015-10-17 13:10:13.553741 msg: Bookmark added
INFO: 2015-10-17 13:10:14.029781 msg: GET /bookmarks?bookmarks_user_id=3&user_id=3&page=1&per_page=5
INFO: 2015-10-17 13:10:16.685221 msg: GET /bookmarks?bookmarks_user_id=3&user_id=3&page=2&per_page=5
INFO: 2015-10-17 13:10:20.004129 msg: GET /bookmarks?bookmarks_user_id=3&user_id=3&page=1&per_page=5
INFO: 2015-10-17 13:10:30.830649 msg: GET /bookmarks?bookmarks_user_id=3&user_id=3&page=2&per_page=5
INFO: 2015-10-17 13:10:32.656422 msg: GET /bookmark?bookmark_id=12
INFO: 2015-10-17 13:10:32.708379 msg: bookmark is found
INFO: 2015-10-17 13:10:38.547806 msg: GET /bookmarks?bookmarks_user_id=3&user_id=3&page=1&per_page=5
INFO: 2015-10-17 13:11:34.830627 msg: GET /bookmark?bookmark_id=7
INFO: 2015-10-17 13:11:34.870344 msg: bookmark is found
INFO: 2015-10-17 13:11:58.753422 msg: GET /bookmark?bookmark_id=7
INFO: 2015-10-17 13:11:58.795459 msg: bookmark is found
INFO: 2015-10-17 13:12:06.625009 msg: GET /bookmark?bookmark_id=7
INFO: 2015-10-17 13:12:06.685895 msg: bookmark is found
INFO: 2015-10-17 13:12:19.912482 msg: GET /bookmark?bookmark_id=7
INFO: 2015-10-17 13:12:19.965855 msg: bookmark is found
INFO: 2015-10-17 13:12:31.637677 msg: GET /bookmark?bookmark_id=7
INFO: 2015-10-17 13:12:31.691321 msg: bookmark is found
INFO: 2015-10-17 13:12:33.965395 msg: GET /bookmarks?bookmarks_user_id=3&user_id=3&page=1&per_page=5
INFO: 2015-10-17 13:12:38.652655 msg: GET /bookmark?bookmark_id=7
INFO: 2015-10-17 13:12:38.700677 msg: bookmark is found
INFO: 2015-10-17 13:13:24.058385 msg: GET /bookmark?bookmark_id=7
INFO: 2015-10-17 13:13:24.105809 msg: bookmark is found
INFO: 2015-10-17 13:22:21.730287 msg: GET /bookmarks?bookmarks_user_id=3&user_id=3&page=1&per_page=5
INFO: 2015-10-17 13:22:36.082201 msg: POST /addbookmark
INFO: 2015-10-17 13:22:36.193793 msg: Bookmark added
INFO: 2015-10-17 13:22:36.568418 msg: GET /bookmarks?bookmarks_user_id=3&user_id=3&page=1&per_page=5
INFO: 2015-10-17 13:22:38.876593 msg: GET /bookmarks?bookmarks_user_id=3&user_id=3&page=2&per_page=5
INFO: 2015-10-17 13:22:40.309756 msg: GET /bookmark?bookmark_id=13
INFO: 2015-10-17 13:22:40.352919 msg: bookmark is found
INFO: 2015-10-17 13:22:42.252269 msg: GET /bookmarks?bookmarks_user_id=3&user_id=3&page=1&per_page=5
INFO: 2015-10-17 13:22:45.372991 msg: GET /bookmark?bookmark_id=7
INFO: 2015-10-17 13:22:45.422911 msg: bookmark is found
INFO: 2015-10-17 13:23:07.743508 msg: POST /changebookmark
INFO: 2015-10-17 13:24:58.643781 msg: POST /changebookmark
INFO: 2015-10-17 13:25:16.520386 msg: POST /changebookmark
INFO: 2015-10-17 13:25:53.231886 msg: POST /changebookmark
INFO: 2015-10-17 13:26:16.355588 msg: POST /changebookmark
INFO: 2015-10-17 13:26:33.500592 msg: POST /changebookmark
INFO: 2015-10-17 13:27:12.938473 msg: GET /bookmarks?bookmarks_user_id=3&user_id=3&page=1&per_page=5
INFO: 2015-10-17 13:27:15.134813 msg: GET /bookmark?bookmark_id=7
INFO: 2015-10-17 13:27:15.174176 msg: bookmark is found
INFO: 2015-10-17 13:27:40.894541 msg: POST /changebookmark
INFO: 2015-10-17 13:28:06.289423 msg: GET /bookmarks?bookmarks_user_id=3&user_id=3&page=1&per_page=5
INFO: 2015-10-17 13:29:42.271567 msg: GET /bookmark?bookmark_id=7
INFO: 2015-10-17 13:29:42.316342 msg: bookmark is found
INFO: 2015-10-17 13:32:54.243382 msg: POST /changebookmark
INFO: 2015-10-17 13:33:14.326160 msg: GET /bookmarks?bookmarks_user_id=3&user_id=3&page=1&per_page=5
INFO: 2015-10-17 13:33:18.536493 msg: GET /bookmark?bookmark_id=8
INFO: 2015-10-17 13:33:18.604044 msg: bookmark is found
INFO: 2015-10-17 13:33:46.615186 msg: POST /changebookmark
INFO: 2015-10-17 13:33:56.958083 msg: GET /bookmarks?bookmarks_user_id=3&user_id=3&page=1&per_page=5
INFO: 2015-10-17 13:34:04.616398 msg: GET /bookmarks?bookmarks_user_id=3&user_id=3&page=2&per_page=5
INFO: 2015-10-17 13:34:07.542705 msg: GET /bookmark?bookmark_id=8
INFO: 2015-10-17 13:34:07.601464 msg: bookmark is found
INFO: 2015-10-17 13:39:18.091621 msg: GET /bookmarks?bookmarks_user_id=3&user_id=3&page=1&per_page=5
INFO: 2015-10-17 13:39:24.155362 msg: GET /bookmark?bookmark_id=9
INFO: 2015-10-17 13:39:24.232666 msg: bookmark is found
INFO: 2015-10-17 13:39:35.928569 msg: GET /bookmarks?bookmarks_user_id=3&user_id=3&page=1&per_page=5
INFO: 2015-10-17 13:39:40.604191 msg: DELETE /removebookmark?bookmark_id=9&user_id=3
INFO: 2015-10-17 13:39:41.138686 msg: GET /bookmarks?bookmarks_user_id=3&user_id=3&page=1&per_page=5
INFO: 2015-10-17 13:39:44.857078 msg: DELETE /removebookmark?bookmark_id=7&user_id=3
INFO: 2015-10-17 13:39:45.634952 msg: GET /bookmarks?bookmarks_user_id=3&user_id=3&page=1&per_page=5
INFO: 2015-10-17 14:40:03.740380 msg: GET /bookmarks?bookmarks_user_id=3&user_id=3&page=1&per_page=5
INFO: 2015-10-17 14:40:13.346985 msg: GET /bookmarks?bookmarks_user_id=3&user_id=3&page=1&per_page=5
INFO: 2015-10-17 14:43:25.126013 msg: GET /bookmarks?bookmarks_user_id=3&user_id=4&page=1&per_page=5
INFO: 2015-10-17 14:46:05.848813 msg: GET /bookmarks?bookmarks_user_id=3&user_id=4&page=1&per_page=5
INFO: 2015-10-17 14:47:12.565128 msg: GET /bookmarks?bookmarks_user_id=3&user_id=4&page=1&per_page=5
INFO: 2015-10-17 14:48:27.702491 msg: GET /bookmarks?bookmarks_user_id=3&user_id=4&page=1&per_page=5
INFO: 2015-10-17 14:49:22.992420 msg: GET /bookmarks?bookmarks_user_id=3&user_id=4&page=1&per_page=5
INFO: 2015-10-17 14:50:03.887790 msg: GET /bookmarks?bookmarks_user_id=3&user_id=4&page=1&per_page=5
INFO: 2015-10-17 14:51:01.356302 msg: GET /bookmarks?bookmarks_user_id=3&user_id=4&page=1&per_page=5
INFO: 2015-10-17 14:51:35.885729 msg: GET /bookmarks?bookmarks_user_id=3&user_id=4&page=1&per_page=5
INFO: 2015-10-17 14:52:32.690587 msg: GET /bookmarks?bookmarks_user_id=4&user_id=4&page=1&per_page=5
INFO: 2015-10-17 14:52:47.068441 msg: POST /addbookmark
INFO: 2015-10-17 14:52:47.194807 msg: Bookmark added
INFO: 2015-10-17 14:52:47.733519 msg: GET /bookmarks?bookmarks_user_id=4&user_id=4&page=1&per_page=5
INFO: 2015-10-17 14:52:58.595593 msg: GET /bookmarks?bookmarks_user_id=3&user_id=4&page=1&per_page=5
INFO: 2015-10-17 14:53:02.486024 msg: GET /bookmarks?bookmarks_user_id=3&user_id=4&page=1&per_page=5
INFO: 2015-10-17 18:46:57.120696 msg: GET /bookmarks?bookmarks_user_id=3&user_id=4&page=1&per_page=5
INFO: 2015-10-17 18:52:46.785643 msg: GET /bookmarks?bookmarks_user_id=3&user_id=4&page=1&per_page=5
INFO: 2015-10-17 18:53:00.230262 msg: GET /bookmark?bookmark_id=11
INFO: 2015-10-17 18:53:00.328915 msg: bookmark is found
INFO: 2015-10-17 18:53:06.670726 msg: GET /bookmark?bookmark_id=10
INFO: 2015-10-17 18:53:06.744892 msg: bookmark is found
INFO: 2015-10-17 18:53:11.602983 msg: GET /bookmarks?bookmarks_user_id=4&user_id=4&page=1&per_page=5
INFO: 2015-10-17 18:53:15.538324 msg: GET /bookmark?bookmark_id=14
INFO: 2015-10-17 18:53:15.592616 msg: bookmark is found
INFO: 2015-10-17 18:53:25.518609 msg: GET /bookmarks?bookmarks_user_id=4&user_id=4&page=1&per_page=5
INFO: 2015-10-17 20:45:46.839645 msg: GET /bookmarks?bookmarks_user_id=4&user_id=4&page=1&per_page=5
INFO: 2015-10-18 10:53:29.183661 msg: GET /search?search_text=
INFO: 2015-10-18 10:59:54.747991 msg: GET /search?per_page=5&search_text=%23first&page=1
INFO: 2015-10-18 11:46:50.876406 msg: GET /search?per_page=5&search_text=%23first&page=1
INFO: 2015-10-18 12:29:14.525076 msg: GET /search?per_page=5&search_text=%23first&page=1
INFO: 2015-10-18 12:30:54.305331 msg: GET /search?per_page=5&search_text=%23first&page=1
INFO: 2015-10-18 12:45:46.750167 msg: GET /search?per_page=5&search_text=%23first&page=1
INFO: 2015-10-18 12:47:30.210833 msg: GET /search?per_page=5&search_text=%23first&page=1
INFO: 2015-10-18 12:48:20.176184 msg: GET /search?per_page=5&search_text=%23first&page=1
INFO: 2015-10-18 12:54:30.942905 msg: GET /search?per_page=5&search_text=%23first&page=1
INFO: 2015-10-18 12:56:16.080208 msg: GET /search?per_page=5&search_text=%23first&page=1
INFO: 2015-10-18 12:58:13.812054 msg: GET /search?per_page=5&search_text=%23first&page=1
INFO: 2015-10-18 13:11:03.131408 msg: GET /search?per_page=5&search_text=%23first&page=1
INFO: 2015-10-18 13:11:22.269299 msg: GET /bookmarks?bookmarks_user_id=4&user_id=4&page=1&per_page=5
INFO: 2015-10-18 13:11:57.476427 msg: GET /search?per_page=5&search_text=%2323&page=1
INFO: 2015-10-18 13:12:08.760052 msg: GET /bookmark?bookmark_id=14
INFO: 2015-10-18 13:12:09.173450 msg: bookmark is found
INFO: 2015-10-18 13:17:27.428743 msg: GET /search?per_page=5&search_text=%2323&page=1
INFO: 2015-10-18 13:17:29.277531 msg: GET /bookmark?bookmark_id=14
INFO: 2015-10-18 13:17:29.304012 msg: bookmark is found
INFO: 2015-10-18 13:17:31.874569 msg: GET /bookmarks?bookmarks_user_id=4&user_id=4&page=1&per_page=5
INFO: 2015-10-18 13:17:33.629778 msg: GET /bookmark?bookmark_id=14
INFO: 2015-10-18 13:17:33.657556 msg: bookmark is found
INFO: 2015-10-18 13:17:37.143224 msg: POST /changebookmark
INFO: 2015-10-18 13:17:37.366595 msg: GET /bookmarks?bookmarks_user_id=4&user_id=4&page=1&per_page=5
INFO: 2015-10-18 13:17:38.925726 msg: GET /bookmark?bookmark_id=14
INFO: 2015-10-18 13:17:38.952844 msg: bookmark is found
INFO: 2015-10-18 13:17:40.586121 msg: GET /bookmarks?bookmarks_user_id=4&user_id=4&page=1&per_page=5
INFO: 2015-10-18 13:17:43.164489 msg: GET /bookmarks?bookmarks_user_id=4&user_id=4&page=1&per_page=5
INFO: 2015-10-18 13:17:47.081089 msg: GET /search?per_page=5&search_text=%2323&page=1
INFO: 2015-10-18 13:17:51.139750 msg: GET /search?per_page=5&search_text=%2323&page=1
INFO: 2015-10-18 13:18:17.658044 msg: GET /bookmarks?bookmarks_user_id=4&user_id=4&page=1&per_page=5
INFO: 2015-10-18 13:18:19.008223 msg: GET /bookmark?bookmark_id=14
INFO: 2015-10-18 13:18:19.034876 msg: bookmark is found
INFO: 2015-10-18 13:18:25.478467 msg: GET /bookmarks?bookmarks_user_id=4&user_id=4&page=1&per_page=5
INFO: 2015-10-18 13:18:26.777175 msg: GET /bookmark?bookmark_id=14
INFO: 2015-10-18 13:18:26.803045 msg: bookmark is found
INFO: 2015-10-18 13:18:30.030937 msg: POST /changebookmark
INFO: 2015-10-18 13:19:15.566818 msg: GET /bookmarks?bookmarks_user_id=4&user_id=4&page=1&per_page=5
INFO: 2015-10-18 13:20:43.372915 msg: DELETE /removebookmark?bookmark_id=14&user_id=4
INFO: 2015-10-18 13:20:54.371737 msg: GET /bookmarks?bookmarks_user_id=4&user_id=4&page=1&per_page=5
INFO: 2015-10-18 13:20:56.857528 msg: DELETE /removebookmark?bookmark_id=14&user_id=4
INFO: 2015-10-18 13:21:19.437161 msg: DELETE /removebookmark?bookmark_id=14&user_id=4
INFO: 2015-10-18 13:21:37.810101 msg: GET /bookmarks?bookmarks_user_id=4&user_id=4&page=1&per_page=5
INFO: 2015-10-18 13:21:55.261581 msg: POST /addbookmark
INFO: 2015-10-18 13:21:55.334433 msg: Bookmark added
INFO: 2015-10-18 13:21:55.488073 msg: GET /bookmarks?bookmarks_user_id=4&user_id=4&page=1&per_page=5
INFO: 2015-10-18 13:23:21.795381 msg: GET /bookmarks?bookmarks_user_id=4&user_id=4&page=1&per_page=5
INFO: 2015-10-18 13:23:25.214862 msg: GET /search?per_page=5&search_text=%2323&page=1
INFO: 2015-10-18 13:23:28.930480 msg: GET /search?per_page=5&search_text=%23first&page=1
INFO: 2015-10-18 13:23:34.580423 msg: GET /search?per_page=5&search_text=%23changed&page=1
INFO: 2015-10-18 13:23:36.233853 msg: GET /bookmark?bookmark_id=8
INFO: 2015-10-18 13:23:36.263825 msg: bookmark is found
INFO: 2015-10-18 13:24:39.873782 msg: GET /search?per_page=5&search_text=%23first&page=1
INFO: 2015-10-18 13:26:50.577051 msg: GET /search?per_page=5&search_text=%23first&page=1
INFO: 2015-10-18 13:27:03.898501 msg: GET /bookmarks?bookmarks_user_id=4&user_id=4&page=1&per_page=5
INFO: 2015-10-18 13:27:11.849600 msg: GET /bookmarks?bookmarks_user_id=3&user_id=4&page=1&per_page=5
INFO: 2015-10-18 13:27:15.852670 msg: GET /bookmarks?bookmarks_user_id=3&user_id=4&page=1&per_page=5
INFO: 2015-10-18 13:27:20.367385 msg: GET /bookmarks?bookmarks_user_id=3&user_id=4&page=1&per_page=5
INFO: 2015-10-18 13:28:58.526782 msg: GET /bookmarks?bookmarks_user_id=4&user_id=4&page=1&per_page=5
INFO: 2015-10-18 13:29:02.742180 msg: GET /search?per_page=5&search_text=%23first&page=1
INFO: 2015-10-18 13:29:14.489485 msg: GET /bookmarks?bookmarks_user_id=3&user_id=4&page=1&per_page=5
INFO: 2015-10-18 13:29:16.525355 msg: GET /bookmark?bookmark_id=11
INFO: 2015-10-18 13:29:16.554402 msg: bookmark is found
INFO: 2015-10-18 15:28:32.707906 msg: GET /search?per_page=5&search_text=%23first&page=1
INFO: 2015-10-18 15:52:50.073882 msg: GET /bookmarks?bookmarks_user_id=4&user_id=4&page=1&per_page=5
INFO: 2015-10-18 16:07:33.994334 msg: GET /bookmarks?bookmarks_user_id=4&user_id=4&page=1&per_page=5
INFO: 2015-10-18 16:07:35.966053 msg: GET /bookmarks?bookmarks_user_id=4&user_id=4&page=1&per_page=5
INFO: 2015-10-18 16:07:49.468987 msg: POST /addbookmark
INFO: 2015-10-18 16:07:49.509135 msg: Bookmark added
INFO: 2015-10-18 16:08:21.016250 msg: GET /bookmarks?bookmarks_user_id=4&user_id=4&page=1&per_page=5
INFO: 2015-10-18 16:08:30.419426 msg: DELETE /removebookmark?bookmark_id=16&user_id=4
INFO: 2015-10-18 16:08:44.103967 msg: GET /bookmarks?bookmarks_user_id=4&user_id=4&page=1&per_page=5
INFO: 2015-10-18 16:08:50.708810 msg: DELETE /removebookmark?bookmark_id=15&user_id=4
INFO: 2015-10-18 16:09:22.757053 msg: GET /bookmarks?bookmarks_user_id=4&user_id=4&page=1&per_page=5
INFO: 2015-10-18 16:09:29.891929 msg: POST /addbookmark
INFO: 2015-10-18 16:09:29.931491 msg: Bookmark added
INFO: 2015-10-18 16:10:26.914008 msg: GET /bookmarks?bookmarks_user_id=4&user_id=4&page=1&per_page=5
INFO: 2015-10-18 16:10:28.639383 msg: DELETE /removebookmark?bookmark_id=17&user_id=4
INFO: 2015-10-18 16:10:36.250510 msg: GET /bookmarks?bookmarks_user_id=4&user_id=4&page=1&per_page=5
INFO: 2015-10-18 16:10:42.797903 msg: POST /addbookmark
INFO: 2015-10-18 16:10:42.834274 msg: Bookmark added
INFO: 2015-10-18 16:10:46.084925 msg: GET /bookmarks?bookmarks_user_id=4&user_id=4&page=1&per_page=5
INFO: 2015-10-18 16:10:47.875381 msg: DELETE /removebookmark?bookmark_id=18&user_id=4
INFO: 2015-10-18 16:10:57.598153 msg: GET /bookmarks?bookmarks_user_id=4&user_id=4&page=1&per_page=5
INFO: 2015-10-18 16:46:04.524118 msg: GET /bookmarks?bookmarks_user_id=4&user_id=4&page=1&per_page=5
INFO: 2015-10-18 16:48:40.452438 msg: GET /bookmarks?bookmarks_user_id=4&user_id=4&page=1&per_page=5
INFO: 2015-10-18 16:56:22.505153 msg: GET /bookmarks?bookmarks_user_id=3&user_id=4&page=1&per_page=5
INFO: 2015-10-18 16:56:51.082470 msg: GET /search?per_page=5&search_text=%23second&page=1
INFO: 2015-10-18 16:56:56.861001 msg: GET /search?per_page=5&search_text=%23changed&page=1
INFO: 2015-10-18 16:57:00.897521 msg: GET /bookmarks?bookmarks_user_id=4&user_id=4&page=1&per_page=5
INFO: 2015-10-18 16:57:14.401149 msg: POST /addbookmark
INFO: 2015-10-18 16:57:14.448557 msg: Bookmark added
INFO: 2015-10-18 16:57:18.393399 msg: GET /bookmarks?bookmarks_user_id=4&user_id=4&page=1&per_page=5
INFO: 2015-10-18 16:57:25.227601 msg: GET /search?per_page=5&search_text=%23changed&page=1
INFO: 2015-10-18 16:57:39.663780 msg: GET /search?per_page=5&search_text=%23first+%23changed&page=1
INFO: 2015-10-18 16:57:50.282074 msg: GET /search?per_page=5&search_text=%23second+%23changed&page=1
INFO: 2015-10-18 16:57:58.218506 msg: GET /bookmarks?bookmarks_user_id=4&user_id=4&page=1&per_page=5
INFO: 2015-10-18 16:58:06.510837 msg: GET /bookmarks?bookmarks_user_id=4&user_id=4&page=1&per_page=5
INFO: 2015-10-18 16:58:34.712557 msg: GET /bookmarks?bookmarks_user_id=3&user_id=3&page=1&per_page=5
INFO: 2015-10-18 16:58:41.237556 msg: GET /search?per_page=5&search_text=%23third&page=1
INFO: 2015-10-18 16:58:56.728185 msg: GET /bookmarks?bookmarks_user_id=3&user_id=3&page=1&per_page=5
INFO: 2015-10-18 16:59:14.572119 msg: POST /addbookmark
INFO: 2015-10-18 16:59:14.621694 msg: Bookmark added
INFO: 2015-10-18 16:59:14.891927 msg: GET /bookmarks?bookmarks_user_id=3&user_id=3&page=1&per_page=5
INFO: 2015-10-18 16:59:17.452094 msg: GET /bookmarks?bookmarks_user_id=4&user_id=4&page=1&per_page=5
INFO: 2015-10-18 16:59:25.757587 msg: GET /bookmarks?bookmarks_user_id=3&user_id=3&page=2&per_page=5
INFO: 2015-10-18 16:59:27.087427 msg: GET /bookmarks?bookmarks_user_id=3&user_id=3&page=1&per_page=5
INFO: 2015-10-18 17:02:29.908938 msg: GET /bookmark?bookmark_id=
ERROR: 2015-10-18 17:02:29.909493 msg: invalid literal for int() with base 10: ''
INFO: 2015-10-18 17:03:17.744525 msg: GET /bookmarks?bookmarks_user_id=4&user_id=4&page=1&per_page=5
INFO: 2015-10-18 17:06:03.168761 msg: GET /bookmark?bookmark_id=20
INFO: 2015-10-18 17:06:03.198680 msg: bookmark is found
INFO: 2015-10-18 17:06:31.746442 msg: GET /bookmarks?bookmarks_user_id=4&user_id=4&page=1&per_page=5
INFO: 2015-10-18 17:07:58.736116 msg: GET /bookmarks?bookmarks_user_id=4&user_id=4&page=1&per_page=5
INFO: 2015-10-18 17:08:06.912910 msg: GET /bookmarks?bookmarks_user_id=3&user_id=3&page=1&per_page=5
INFO: 2015-10-18 17:08:08.281585 msg: GET /bookmarks?bookmarks_user_id=3&user_id=3&page=2&per_page=5
INFO: 2015-10-18 17:08:09.901250 msg: GET /bookmark?bookmark_id=20
INFO: 2015-10-18 17:08:09.929777 msg: bookmark is found
INFO: 2015-10-18 17:08:16.834655 msg: GET /bookmarks?bookmarks_user_id=3&user_id=3&page=1&per_page=5
INFO: 2015-10-18 17:08:17.949013 msg: DELETE /removebookmark?bookmark_id=10&user_id=3
INFO: 2015-10-18 17:08:21.376765 msg: GET /bookmarks?bookmarks_user_id=3&user_id=3&page=1&per_page=5
INFO: 2015-10-18 17:08:22.565261 msg: DELETE /removebookmark?bookmark_id=11&user_id=3
INFO: 2015-10-18 17:08:23.015247 msg: GET /bookmarks?bookmarks_user_id=3&user_id=3&page=1&per_page=5
INFO: 2015-10-18 17:08:24.230340 msg: DELETE /removebookmark?bookmark_id=12&user_id=3
INFO: 2015-10-18 17:08:24.537262 msg: GET /bookmarks?bookmarks_user_id=3&user_id=3&page=1&per_page=5
INFO: 2015-10-18 17:08:25.413108 msg: DELETE /removebookmark?bookmark_id=13&user_id=3
INFO: 2015-10-18 17:08:25.718032 msg: GET /bookmarks?bookmarks_user_id=3&user_id=3&page=1&per_page=5
INFO: 2015-10-18 17:08:26.542613 msg: DELETE /removebookmark?bookmark_id=8&user_id=3
INFO: 2015-10-18 17:08:26.858570 msg: GET /bookmarks?bookmarks_user_id=3&user_id=3&page=1&per_page=5
INFO: 2015-10-18 17:08:27.604201 msg: DELETE /removebookmark?bookmark_id=20&user_id=3
INFO: 2015-10-18 17:08:27.926451 msg: GET /bookmarks?bookmarks_user_id=3&user_id=3&page=1&per_page=5
INFO: 2015-10-18 17:08:55.850803 msg: POST /addbookmark
INFO: 2015-10-18 17:08:55.888113 msg: Bookmark added
INFO: 2015-10-18 17:08:56.162097 msg: GET /bookmarks?bookmarks_user_id=3&user_id=3&page=1&per_page=5
INFO: 2015-10-18 17:09:22.053341 msg: GET /bookmarks?bookmarks_user_id=3&user_id=3&page=1&per_page=5
INFO: 2015-10-18 17:09:31.829146 msg: GET /bookmark?bookmark_id=21
INFO: 2015-10-18 17:09:31.858440 msg: bookmark is found
INFO: 2015-10-18 17:09:42.069403 msg: GET /bookmarks?bookmarks_user_id=3&user_id=4&page=1&per_page=5
INFO: 2015-10-18 17:09:43.547955 msg: GET /bookmark?bookmark_id=21
INFO: 2015-10-18 17:09:43.580348 msg: bookmark is found
INFO: 2015-10-18 17:09:58.775223 msg: POST /addbookmark
INFO: 2015-10-18 17:09:58.820383 msg: Bookmark added
INFO: 2015-10-18 17:09:59.131508 msg: GET /bookmarks?bookmarks_user_id=3&user_id=3&page=1&per_page=5
INFO: 2015-10-18 18:59:01.990421 msg: GET /bookmarks?bookmarks_user_id=3&user_id=3&page=1&per_page=5
INFO: 2015-10-18 18:59:04.557347 msg: GET /bookmarks?bookmarks_user_id=4&user_id=4&page=1&per_page=5
INFO: 2015-10-18 18:59:13.750077 msg: GET /bookmarks?bookmarks_user_id=3&user_id=4&page=1&per_page=5
INFO: 2015-10-18 18:59:15.134811 msg: GET /bookmark?bookmark_id=21
INFO: 2015-10-18 18:59:15.166284 msg: bookmark is found
INFO: 2015-10-18 18:59:18.697004 msg: GET /bookmarks?bookmarks_user_id=4&user_id=4&page=1&per_page=5
INFO: 2015-10-18 18:59:58.547452 msg: GET /bookmarks?bookmarks_user_id=3&user_id=3&page=1&per_page=5
INFO: 2015-10-18 18:59:59.596986 msg: DELETE /removebookmark?bookmark_id=21&user_id=3
INFO: 2015-10-18 18:59:59.945377 msg: GET /bookmarks?bookmarks_user_id=3&user_id=3&page=1&per_page=5
INFO: 2015-10-18 19:00:00.918255 msg: DELETE /removebookmark?bookmark_id=22&user_id=3
INFO: 2015-10-18 19:00:01.274094 msg: GET /bookmarks?bookmarks_user_id=3&user_id=3&page=1&per_page=5
INFO: 2015-10-18 19:00:11.292936 msg: POST /addbookmark
INFO: 2015-10-18 19:00:11.332084 msg: Bookmark added
INFO: 2015-10-18 19:00:42.650123 msg: GET /bookmarks?bookmarks_user_id=3&user_id=3&page=1&per_page=5
INFO: 2015-10-18 19:04:32.956975 msg: POST /addbookmark
INFO: 2015-10-18 19:04:32.999043 msg: Bookmark added
INFO: 2015-10-18 19:05:02.034750 msg: GET /bookmarks?bookmarks_user_id=3&user_id=3&page=1&per_page=5
INFO: 2015-10-18 19:12:55.131073 msg: GET /search?per_page=5&search_text=%23first&page=1
INFO: 2015-10-18 19:12:58.866356 msg: GET /bookmarks?bookmarks_user_id=3&user_id=3&page=1&per_page=5
INFO: 2015-10-18 19:13:00.607926 msg: GET /bookmarks?bookmarks_user_id=4&user_id=4&page=1&per_page=5
INFO: 2015-10-18 19:13:05.263814 msg: GET /search?per_page=5&search_text=%23four&page=1
INFO: 2015-10-18 19:13:38.200211 msg: GET /bookmark?bookmark_id=23
INFO: 2015-10-18 19:13:38.233960 msg: bookmark is found
INFO: 2015-10-18 19:13:44.515627 msg: GET /bookmarks?bookmarks_user_id=3&user_id=3&page=1&per_page=5
INFO: 2015-10-18 19:14:40.003890 msg: GET /search?per_page=5&search_text=%23four&page=1
INFO: 2015-10-18 19:15:06.970559 msg: POST /addbookmark
INFO: 2015-10-18 19:15:07.019346 msg: Bookmark added
INFO: 2015-10-18 19:15:10.694235 msg: GET /bookmarks?bookmarks_user_id=3&user_id=3&page=1&per_page=5
INFO: 2015-10-18 19:15:21.734633 msg: DELETE /removebookmark?bookmark_id=23&user_id=3
INFO: 2015-10-18 19:15:22.140309 msg: GET /bookmarks?bookmarks_user_id=3&user_id=3&page=1&per_page=5
INFO: 2015-10-18 19:15:35.934528 msg: GET /bookmarks?bookmarks_user_id=4&user_id=4&page=1&per_page=5
INFO: 2015-10-18 19:15:47.353268 msg: POST /addbookmark
INFO: 2015-10-18 19:15:47.399879 msg: Bookmark added
INFO: 2015-10-18 19:15:47.689485 msg: GET /bookmarks?bookmarks_user_id=4&user_id=4&page=1&per_page=5
INFO: 2015-10-18 19:16:24.149539 msg: GET /search?per_page=5&search_text=%23fix&page=1
INFO: 2015-10-18 19:16:28.117258 msg: GET /search?per_page=5&search_text=%23six&page=1
INFO: 2015-10-18 19:16:42.710173 msg: GET /bookmark?bookmark_id=17
ERROR: 2015-10-18 19:16:42.740060 msg: Bookmark matching query does not exist.
INFO: 2015-10-18 19:16:45.116138 msg: GET /bookmark?bookmark_id=16
ERROR: 2015-10-18 19:16:45.145579 msg: Bookmark matching query does not exist.
INFO: 2015-10-18 19:16:47.315370 msg: GET /bookmark?bookmark_id=19
INFO: 2015-10-18 19:16:47.357501 msg: bookmark is found
INFO: 2015-10-18 19:16:53.860195 msg: GET /bookmark?bookmark_id=25
INFO: 2015-10-18 19:16:53.889757 msg: bookmark is found
INFO: 2015-10-18 19:16:56.353657 msg: GET /bookmark?bookmark_id=24
INFO: 2015-10-18 19:16:56.390055 msg: bookmark is found
INFO: 2015-10-18 19:17:06.131416 msg: GET /bookmark?bookmark_id=26
INFO: 2015-10-18 19:17:06.160931 msg: bookmark is found
INFO: 2015-10-18 19:17:10.243889 msg: GET /bookmarks?bookmarks_user_id=5&user_id=5&page=1&per_page=5
INFO: 2015-10-18 19:17:38.239895 msg: POST /addbookmark
INFO: 2015-10-18 19:17:38.286631 msg: Bookmark added
INFO: 2015-10-18 19:17:38.576316 msg: GET /bookmarks?bookmarks_user_id=5&user_id=5&page=1&per_page=5
INFO: 2015-10-18 19:17:40.548592 msg: GET /bookmark?bookmark_id=27
INFO: 2015-10-18 19:17:40.578136 msg: bookmark is found
INFO: 2015-10-18 19:17:45.016105 msg: GET /bookmark?bookmark_id=27
INFO: 2015-10-18 19:17:45.046188 msg: bookmark is found
INFO: 2015-10-18 19:17:46.867751 msg: GET /bookmark?bookmark_id=27
INFO: 2015-10-18 19:17:46.900200 msg: bookmark is found
INFO: 2015-10-18 19:17:55.360888 msg: GET /bookmark?bookmark_id=27
INFO: 2015-10-18 19:17:55.392225 msg: bookmark is found
INFO: 2015-10-18 19:18:43.426834 msg: GET /bookmark?bookmark_id=27
INFO: 2015-10-18 19:18:43.457052 msg: bookmark is found
INFO: 2015-10-18 19:19:26.169153 msg: POST /addbookmark
INFO: 2015-10-18 19:19:26.223990 msg: Bookmark added
INFO: 2015-10-18 19:19:26.488018 msg: GET /bookmarks?bookmarks_user_id=5&user_id=5&page=1&per_page=5
INFO: 2015-10-18 19:19:30.177805 msg: GET /bookmark?bookmark_id=28
INFO: 2015-10-18 19:19:30.212460 msg: bookmark is found
INFO: 2015-10-18 19:20:24.701623 msg: GET /bookmarks?bookmarks_user_id=5&user_id=5&page=1&per_page=5
INFO: 2015-10-18 19:21:13.663518 msg: GET /bookmark?bookmark_id=24
INFO: 2015-10-18 19:21:13.694498 msg: bookmark is found
INFO: 2015-10-18 19:21:16.871514 msg: GET /bookmarks?bookmarks_user_id=5&user_id=5&page=1&per_page=5
INFO: 2015-10-18 19:21:18.001942 msg: DELETE /removebookmark?bookmark_id=27&user_id=5
INFO: 2015-10-18 19:21:18.342041 msg: GET /bookmarks?bookmarks_user_id=5&user_id=5&page=1&per_page=5
INFO: 2015-10-18 19:21:20.444534 msg: GET /bookmark?bookmark_id=28
INFO: 2015-10-18 19:21:20.473840 msg: bookmark is found
INFO: 2015-10-18 19:26:00.844876 msg: GET /search?per_page=5&search_text=%23six&page=1
INFO: 2015-10-18 19:31:02.599581 msg: GET /bookmarks?bookmarks_user_id=5&user_id=5&page=1&per_page=5
INFO: 2015-10-18 19:31:21.111334 msg: POST /addbookmark
INFO: 2015-10-18 19:31:21.151458 msg: Bookmark added
INFO: 2015-10-18 19:31:21.298911 msg: GET /bookmarks?bookmarks_user_id=5&user_id=5&page=1&per_page=5
INFO: 2015-10-18 19:31:23.286312 msg: GET /bookmark?bookmark_id=29
INFO: 2015-10-18 19:31:23.318494 msg: bookmark is found
INFO: 2015-10-18 19:31:27.908429 msg: GET /bookmark?bookmark_id=29
INFO: 2015-10-18 19:31:27.945854 msg: bookmark is found
INFO: 2015-10-18 19:32:01.664201 msg: POST /changebookmark
INFO: 2015-10-18 19:32:01.870784 msg: GET /bookmarks?bookmarks_user_id=5&user_id=5&page=1&per_page=5
INFO: 2015-10-18 19:32:06.106574 msg: GET /search?per_page=5&search_text=%23first&page=1
INFO: 2015-10-18 19:32:17.120114 msg: GET /bookmark?bookmark_id=29
INFO: 2015-10-18 19:32:17.154733 msg: bookmark is found
INFO: 2015-10-18 19:32:28.504000 msg: GET /search?per_page=5&search_text=%23first&page=1
INFO: 2015-10-18 19:32:37.762247 msg: GET /bookmarks?bookmarks_user_id=5&user_id=5&page=1&per_page=5
INFO: 2015-10-18 19:32:47.867445 msg: POST /addbookmark
INFO: 2015-10-18 19:32:47.902775 msg: Bookmark added
INFO: 2015-10-18 19:32:48.060817 msg: GET /bookmarks?bookmarks_user_id=5&user_id=5&page=1&per_page=5
INFO: 2015-10-18 19:32:50.603048 msg: GET /bookmark?bookmark_id=30
INFO: 2015-10-18 19:32:50.634396 msg: bookmark is found
INFO: 2015-10-18 19:33:15.447657 msg: POST /changebookmark
INFO: 2015-10-18 19:33:15.655618 msg: GET /bookmarks?bookmarks_user_id=5&user_id=5&page=1&per_page=5
INFO: 2015-10-18 19:33:56.702842 msg: POST /addbookmark
INFO: 2015-10-18 19:33:56.745696 msg: Bookmark added
INFO: 2015-10-18 19:33:56.914358 msg: GET /bookmarks?bookmarks_user_id=5&user_id=5&page=1&per_page=5
INFO: 2015-10-18 19:34:11.935971 msg: GET /bookmark?bookmark_id=31
INFO: 2015-10-18 19:34:11.965895 msg: bookmark is found
INFO: 2015-10-18 19:34:14.741921 msg: GET /bookmark?bookmark_id=31
INFO: 2015-10-18 19:34:14.777566 msg: bookmark is found
INFO: 2015-10-18 19:35:38.624035 msg: POST /addbookmark
INFO: 2015-10-18 19:36:59.579840 msg: Bookmark added
INFO: 2015-10-18 19:36:59.829819 msg: GET /bookmarks?bookmarks_user_id=5&user_id=5&page=1&per_page=5
INFO: 2015-10-18 19:38:49.346044 msg: GET /bookmark?bookmark_id=32
INFO: 2015-10-18 19:41:09.662795 msg: POST /addbookmark
INFO: 2015-10-18 19:41:12.910234 msg: bookmark is found
INFO: 2015-10-18 19:41:13.023969 msg: Bookmark added
INFO: 2015-10-18 19:41:13.288946 msg: GET /bookmarks?bookmarks_user_id=5&user_id=5&page=1&per_page=5
INFO: 2015-10-18 19:41:38.301447 msg: GET /bookmarks?bookmarks_user_id=5&user_id=5&page=2&per_page=5
INFO: 2015-10-18 19:41:39.619703 msg: GET /bookmark?bookmark_id=33
INFO: 2015-10-18 19:42:38.681433 msg: bookmark is found
INFO: 2015-10-18 19:43:28.945383 msg: GET /bookmarks?bookmarks_user_id=5&user_id=5&page=1&per_page=5
INFO: 2015-10-18 19:43:31.841157 msg: DELETE /removebookmark?bookmark_id=28&user_id=5
INFO: 2015-10-18 19:43:32.309644 msg: GET /bookmarks?bookmarks_user_id=5&user_id=5&page=1&per_page=5
INFO: 2015-10-18 19:43:33.398741 msg: DELETE /removebookmark?bookmark_id=29&user_id=5
INFO: 2015-10-18 19:43:33.773459 msg: GET /bookmarks?bookmarks_user_id=5&user_id=5&page=1&per_page=5
INFO: 2015-10-18 19:43:34.759217 msg: DELETE /removebookmark?bookmark_id=30&user_id=5
INFO: 2015-10-18 19:43:35.162644 msg: GET /bookmarks?bookmarks_user_id=5&user_id=5&page=1&per_page=5
INFO: 2015-10-18 19:43:36.359680 msg: GET /bookmark?bookmark_id=33
INFO: 2015-10-18 19:43:39.266677 msg: bookmark is found
INFO: 2015-10-18 19:44:15.378353 msg: POST /addbookmark
INFO: 2015-10-18 19:44:42.325799 msg: Bookmark added
INFO: 2015-10-18 19:44:42.546172 msg: GET /bookmarks?bookmarks_user_id=5&user_id=5&page=1&per_page=5
INFO: 2015-10-18 19:51:24.098197 msg: GET /bookmark?bookmark_id=34
INFO: 2015-10-18 19:51:38.814313 msg: bookmark is found
INFO: 2015-10-18 19:52:39.798525 msg: GET /bookmarks?bookmarks_user_id=5&user_id=5&page=1&per_page=5
INFO: 2015-10-18 19:52:47.303603 msg: POST /addbookmark
INFO: 2015-10-18 19:56:56.253417 msg: Bookmark added
INFO: 2015-10-18 19:56:56.466694 msg: GET /bookmarks?bookmarks_user_id=5&user_id=5&page=1&per_page=5
INFO: 2015-10-18 19:56:58.569419 msg: DELETE /removebookmark?bookmark_id=35&user_id=5
INFO: 2015-10-18 20:01:45.850680 msg: GET /bookmarks?bookmarks_user_id=5&user_id=5&page=1&per_page=5
INFO: 2015-10-18 20:01:53.857027 msg: DELETE /removebookmark?bookmark_id=34&user_id=5
INFO: 2015-10-18 20:01:54.311599 msg: GET /bookmarks?bookmarks_user_id=5&user_id=5&page=1&per_page=5
INFO: 2015-10-18 20:01:55.139777 msg: DELETE /removebookmark?bookmark_id=33&user_id=5
INFO: 2015-10-18 20:01:55.581139 msg: GET /bookmarks?bookmarks_user_id=5&user_id=5&page=1&per_page=5
INFO: 2015-10-18 20:01:56.386656 msg: DELETE /removebookmark?bookmark_id=32&user_id=5
INFO: 2015-10-18 20:01:56.834772 msg: GET /bookmarks?bookmarks_user_id=5&user_id=5&page=1&per_page=5
INFO: 2015-10-18 20:02:04.962726 msg: POST /addbookmark
INFO: 2015-10-18 20:02:13.706250 msg: Bookmark added
INFO: 2015-10-18 20:02:13.931427 msg: GET /bookmarks?bookmarks_user_id=5&user_id=5&page=1&per_page=5
INFO: 2015-10-18 20:02:15.517595 msg: GET /bookmark?bookmark_id=36
INFO: 2015-10-18 20:02:20.337360 msg: bookmark is found
INFO: 2015-10-18 20:02:37.194901 msg: POST /addbookmark
INFO: 2015-10-18 20:03:01.888675 msg: Bookmark added
INFO: 2015-10-18 20:03:04.377870 msg: GET /bookmarks?bookmarks_user_id=5&user_id=5&page=1&per_page=5
INFO: 2015-10-18 20:03:07.209472 msg: GET /bookmark?bookmark_id=37
INFO: 2015-10-18 20:13:14.121636 msg: bookmark is found
INFO: 2015-10-18 20:13:19.086858 msg: GET /bookmarks?bookmarks_user_id=5&user_id=5&page=1&per_page=5
INFO: 2015-10-18 20:13:22.224198 msg: GET /bookmark?bookmark_id=37
INFO: 2015-10-18 20:13:25.469826 msg: bookmark is found
INFO: 2015-10-18 20:13:28.251800 msg: GET /bookmarks?bookmarks_user_id=5&user_id=5&page=1&per_page=5
INFO: 2015-10-18 20:13:29.602482 msg: GET /bookmark?bookmark_id=37
INFO: 2015-10-18 20:13:29.649755 msg: bookmark is found
INFO: 2015-10-18 20:13:43.029890 msg: GET /bookmarks?bookmarks_user_id=5&user_id=5&page=1&per_page=5
INFO: 2015-10-18 20:13:51.030496 msg: POST /addbookmark
INFO: 2015-10-18 20:13:51.071866 msg: Bookmark added
INFO: 2015-10-18 20:13:51.277267 msg: GET /bookmarks?bookmarks_user_id=5&user_id=5&page=1&per_page=5
INFO: 2015-10-18 20:13:54.945532 msg: GET /search?per_page=5&search_text=%23first&page=1
INFO: 2015-10-18 20:13:58.484149 msg: GET /bookmarks?bookmarks_user_id=5&user_id=5&page=1&per_page=5
INFO: 2015-10-18 20:14:04.110302 msg: GET /search?per_page=5&search_text=%23siz&page=1
INFO: 2015-10-18 20:14:06.424003 msg: GET /bookmarks?bookmarks_user_id=5&user_id=5&page=1&per_page=5
INFO: 2015-10-18 20:14:08.706843 msg: DELETE /removebookmark?bookmark_id=36&user_id=5
INFO: 2015-10-18 20:14:09.117627 msg: GET /bookmarks?bookmarks_user_id=5&user_id=5&page=1&per_page=5
INFO: 2015-10-18 20:14:10.596724 msg: DELETE /removebookmark?bookmark_id=37&user_id=5
INFO: 2015-10-18 20:14:10.964087 msg: GET /bookmarks?bookmarks_user_id=5&user_id=5&page=1&per_page=5
INFO: 2015-10-18 20:14:11.846195 msg: DELETE /removebookmark?bookmark_id=38&user_id=5
INFO: 2015-10-18 20:14:12.239995 msg: GET /bookmarks?bookmarks_user_id=5&user_id=5&page=1&per_page=5
INFO: 2015-10-18 20:14:13.158948 msg: GET /bookmark?bookmark_id=31
INFO: 2015-10-18 20:14:13.193908 msg: bookmark is found
INFO: 2015-10-18 20:14:15.728317 msg: GET /bookmark?bookmark_id=31
INFO: 2015-10-18 20:14:15.766897 msg: bookmark is found
INFO: 2015-10-18 20:14:18.622588 msg: DELETE /removebookmark?bookmark_id=31&user_id=5
INFO: 2015-10-18 20:14:19.053009 msg: GET /bookmarks?bookmarks_user_id=5&user_id=5&page=1&per_page=5
INFO: 2015-10-18 20:14:26.942588 msg: POST /addbookmark
INFO: 2015-10-18 20:14:27.028521 msg: Bookmark added
INFO: 2015-10-18 20:14:27.384166 msg: GET /bookmarks?bookmarks_user_id=5&user_id=5&page=1&per_page=5
INFO: 2015-10-18 20:14:31.697671 msg: GET /search?per_page=5&search_text=%23second&page=1
INFO: 2015-10-18 20:14:38.800791 msg: GET /bookmarks?bookmarks_user_id=5&user_id=5&page=1&per_page=5
INFO: 2015-10-18 20:14:41.403657 msg: GET /bookmark?bookmark_id=39
INFO: 2015-10-18 20:14:41.462574 msg: bookmark is found
INFO: 2015-10-18 20:14:43.411445 msg: GET /bookmark?bookmark_id=39
INFO: 2015-10-18 20:14:43.463974 msg: bookmark is found
INFO: 2015-10-18 20:15:20.836943 msg: POST /addbookmark
INFO: 2015-10-18 20:15:20.909727 msg: Bookmark added
INFO: 2015-10-18 20:15:21.304160 msg: GET /bookmarks?bookmarks_user_id=5&user_id=5&page=1&per_page=5
INFO: 2015-10-18 20:15:32.213734 msg: GET /search?per_page=5&search_text=%23five&page=1
INFO: 2015-10-18 20:15:36.584842 msg: GET /bookmarks?bookmarks_user_id=5&user_id=5&page=1&per_page=5
INFO: 2015-10-18 20:15:40.201607 msg: GET /search?per_page=5&search_text=%23second&page=1
INFO: 2015-10-18 20:15:43.848991 msg: GET /bookmarks?bookmarks_user_id=5&user_id=5&page=1&per_page=5
INFO: 2015-10-18 20:15:45.198908 msg: DELETE /removebookmark?bookmark_id=39&user_id=5
INFO: 2015-10-18 20:15:45.672826 msg: GET /bookmarks?bookmarks_user_id=5&user_id=5&page=1&per_page=5
INFO: 2015-10-18 20:15:53.780250 msg: POST /addbookmark
INFO: 2015-10-18 20:15:53.865285 msg: Bookmark added
INFO: 2015-10-18 20:15:54.210769 msg: GET /bookmarks?bookmarks_user_id=5&user_id=5&page=1&per_page=5
INFO: 2015-10-18 20:15:57.412145 msg: GET /search?per_page=5&search_text=%23second&page=1
INFO: 2015-10-18 20:16:09.429129 msg: GET /search?per_page=5&search_text=%23second+%23changed&page=1
INFO: 2015-10-18 20:16:14.006958 msg: GET /bookmark?bookmark_id=19
INFO: 2015-10-18 20:16:14.052652 msg: bookmark is found
INFO: 2015-10-18 20:16:15.211032 msg: GET /bookmarks?bookmarks_user_id=5&user_id=5&page=1&per_page=5
INFO: 2015-10-18 20:16:22.629438 msg: GET /search?per_page=5&search_text=%23six&page=1
INFO: 2015-10-18 20:16:42.084776 msg: GET /search?per_page=5&search_text=%23second&page=1
INFO: 2015-10-18 20:16:44.283278 msg: GET /bookmarks?bookmarks_user_id=4&user_id=4&page=1&per_page=5
INFO: 2015-10-18 20:17:00.166634 msg: POST /addbookmark
INFO: 2015-10-18 20:17:00.215370 msg: Bookmark added
INFO: 2015-10-18 20:17:07.414131 msg: GET /bookmarks?bookmarks_user_id=4&user_id=4&page=1&per_page=5
INFO: 2015-10-18 20:17:14.775639 msg: GET /search?per_page=5&search_text=%23second&page=1
INFO: 2015-10-18 20:17:25.638724 msg: GET /bookmarks?bookmarks_user_id=4&user_id=5&page=1&per_page=5
