INFO: 2015-10-18 15:44:50.621838 msg: GET /issubscribed?owner=3&subscriber=4
INFO: 2015-10-18 15:45:21.024286 msg: GET /issubscribed?owner=3&subscriber=4
INFO: 2015-10-18 15:45:21.106746 msg: GET /subscribe?owner=3&subscriber=4
INFO: 2015-10-18 15:46:00.522614 msg: GET /issubscribed?owner=3&subscriber=4
INFO: 2015-10-18 15:46:05.394258 msg: GET /subscribe?owner=3&subscriber=4
INFO: 2015-10-18 15:46:25.203872 msg: GET /issubscribed?owner=3&subscriber=4
INFO: 2015-10-18 15:46:25.285825 msg: GET /subscribe?owner=3&subscriber=4
INFO: 2015-10-18 15:47:38.304906 msg: GET /issubscribed?owner=3&subscriber=4
INFO: 2015-10-18 15:47:38.416360 msg: GET /subscribe?owner=3&subscriber=4
ERROR: 2015-10-18 15:47:44.293126 msg: unbound method save() must be called with Subscriber instance as first argument (got nothing instead)
INFO: 2015-10-18 15:48:56.090870 msg: GET /issubscribed?owner=3&subscriber=4
INFO: 2015-10-18 15:48:56.180990 msg: GET /subscribe?owner=3&subscriber=4
ERROR: 2015-10-18 15:49:00.924088 msg: unbound method save() must be called with Subscriber instance as first argument (got nothing instead)
INFO: 2015-10-18 15:49:42.299385 msg: GET /issubscribed?owner=3&subscriber=4
INFO: 2015-10-18 15:49:42.393240 msg: GET /subscribe?owner=3&subscriber=4
INFO: 2015-10-18 15:50:41.302171 msg: GET /issubscribed?owner=3&subscriber=4
INFO: 2015-10-18 15:50:48.526698 msg: GET /issubscribed?owner=3&subscriber=4
INFO: 2015-10-18 15:50:48.617492 msg: GET /unsubscribe?owner=3&subscriber=4
INFO: 2015-10-18 15:50:48.687240 msg: success
INFO: 2015-10-18 15:50:48.932115 msg: GET /issubscribed?owner=3&subscriber=4
INFO: 2015-10-18 15:50:52.192538 msg: GET /issubscribed?owner=3&subscriber=4
INFO: 2015-10-18 15:50:53.775940 msg: GET /issubscribed?owner=3&subscriber=4
INFO: 2015-10-18 15:50:53.867475 msg: GET /subscribe?owner=3&subscriber=4
INFO: 2015-10-18 15:51:20.855580 msg: GET /issubscribed?owner=3&subscriber=4
INFO: 2015-10-18 15:51:21.167808 msg: GET /issubscribed?owner=3&subscriber=4
INFO: 2015-10-18 15:51:22.299062 msg: GET /issubscribed?owner=3&subscriber=4
INFO: 2015-10-18 15:51:22.399477 msg: GET /unsubscribe?owner=3&subscriber=4
INFO: 2015-10-18 15:51:22.460899 msg: success
INFO: 2015-10-18 15:51:22.694365 msg: GET /issubscribed?owner=3&subscriber=4
INFO: 2015-10-18 15:51:23.713691 msg: GET /issubscribed?owner=3&subscriber=4
INFO: 2015-10-18 15:51:23.806365 msg: GET /subscribe?owner=3&subscriber=4
INFO: 2015-10-18 15:51:33.773038 msg: success
INFO: 2015-10-18 15:51:36.190302 msg: GET /issubscribed?owner=3&subscriber=4
INFO: 2015-10-18 15:51:47.907048 msg: GET /issubscribed?owner=3&subscriber=4
INFO: 2015-10-18 15:51:47.996074 msg: GET /unsubscribe?owner=3&subscriber=4
INFO: 2015-10-18 15:51:48.046156 msg: success
INFO: 2015-10-18 15:51:48.274698 msg: GET /issubscribed?owner=3&subscriber=4
INFO: 2015-10-18 16:07:49.552855 msg: POST /add
INFO: 2015-10-18 16:08:13.841119 msg: record created
INFO: 2015-10-18 16:08:16.077547 msg: news created
INFO: 2015-10-18 16:08:30.519821 msg: DELETE /remove?bookmark_id=16
INFO: 2015-10-18 16:08:40.542589 msg: Record matching query does not exist.
INFO: 2015-10-18 16:08:50.783265 msg: DELETE /remove?bookmark_id=15
INFO: 2015-10-18 16:09:22.597103 msg: Record matching query does not exist.
INFO: 2015-10-18 16:09:29.971722 msg: POST /add
INFO: 2015-10-18 16:10:26.733847 msg: record created
INFO: 2015-10-18 16:10:26.740187 msg: news created
INFO: 2015-10-18 16:10:42.903577 msg: POST /add
INFO: 2015-10-18 16:10:45.876380 msg: record created
INFO: 2015-10-18 16:10:45.885613 msg: news created
INFO: 2015-10-18 16:10:47.977722 msg: DELETE /remove?bookmark_id=18
INFO: 2015-10-18 16:10:56.487039 msg: success
INFO: 2015-10-18 16:46:20.645148 msg: GET /news?per_page=5&user_id=4&page=1
INFO: 2015-10-18 16:46:39.449839 msg: GET /news?per_page=5&user_id=4&page=1
INFO: 2015-10-18 16:46:56.531019 msg: GET /news?per_page=5&user_id=4&page=1
INFO: 2015-10-18 16:47:09.289412 msg: GET /news?per_page=5&user_id=4&page=1
INFO: 2015-10-18 16:47:38.564893 msg: GET /news?per_page=5&user_id=4&page=1
INFO: 2015-10-18 16:47:48.995893 msg: success
INFO: 2015-10-18 16:48:41.621588 msg: GET /news?per_page=5&user_id=4&page=1
INFO: 2015-10-18 16:48:44.984607 msg: success
INFO: 2015-10-18 16:48:53.049573 msg: GET /newsownerslist?user_id=4
INFO: 2015-10-18 16:49:52.986505 msg: GET /newsownerslist?user_id=4
INFO: 2015-10-18 16:50:17.568777 msg: GET /newsownerslist?user_id=4
INFO: 2015-10-18 16:50:31.454977 msg: GET /newsownerslist?user_id=4
INFO: 2015-10-18 16:51:12.934038 msg: GET /newsownerslist?user_id=4
INFO: 2015-10-18 16:51:49.469967 msg: GET /newsownerslist?user_id=4
INFO: 2015-10-18 16:51:49.503975 msg: success
INFO: 2015-10-18 16:52:04.911079 msg: GET /issubscribed?owner=3&subscriber=4
INFO: 2015-10-18 16:52:06.957874 msg: GET /issubscribed?owner=3&subscriber=4
INFO: 2015-10-18 16:52:07.054943 msg: GET /subscribe?owner=3&subscriber=4
INFO: 2015-10-18 16:52:10.539573 msg: success
INFO: 2015-10-18 16:52:10.802690 msg: GET /issubscribed?owner=3&subscriber=4
INFO: 2015-10-18 16:52:13.228486 msg: GET /news?per_page=5&user_id=4&page=1
INFO: 2015-10-18 16:52:13.271197 msg: success
INFO: 2015-10-18 16:52:15.317497 msg: GET /newsownerslist?user_id=4
INFO: 2015-10-18 16:52:28.905391 msg: GET /newsownerslist?user_id=4
INFO: 2015-10-18 16:52:54.729951 msg: GET /newsownerslist?user_id=4
INFO: 2015-10-18 16:53:04.110217 msg: GET /newsownerslist?user_id=4
INFO: 2015-10-18 16:53:08.925176 msg: success
INFO: 2015-10-18 16:53:31.740299 msg: GET /newsownerslist?user_id=4
INFO: 2015-10-18 16:53:35.006798 msg: success
INFO: 2015-10-18 16:53:49.247975 msg: GET /newsownerslist?user_id=4
INFO: 2015-10-18 16:53:49.279945 msg: success
INFO: 2015-10-18 16:54:00.391686 msg: GET /news?per_page=5&user_id=4&page=1
INFO: 2015-10-18 16:54:00.438573 msg: success
INFO: 2015-10-18 16:54:11.456594 msg: GET /newsownerslist?user_id=4
INFO: 2015-10-18 16:54:11.487764 msg: success
INFO: 2015-10-18 16:56:18.480371 msg: GET /newsownerslist?user_id=4
INFO: 2015-10-18 16:56:18.514049 msg: success
INFO: 2015-10-18 16:56:19.914741 msg: GET /issubscribed?owner=3&subscriber=4
INFO: 2015-10-18 16:57:14.498442 msg: POST /add
INFO: 2015-10-18 16:57:18.200324 msg: record created
INFO: 2015-10-18 16:57:18.206758 msg: news created
INFO: 2015-10-18 16:58:07.196227 msg: GET /news?per_page=5&user_id=4&page=1
INFO: 2015-10-18 16:58:07.235924 msg: success
INFO: 2015-10-18 16:58:45.782564 msg: GET /news?per_page=5&user_id=3&page=1
INFO: 2015-10-18 16:58:45.825785 msg: success
INFO: 2015-10-18 16:58:50.734879 msg: GET /newsownerslist?user_id=3
INFO: 2015-10-18 16:58:50.769933 msg: success
INFO: 2015-10-18 16:59:14.662620 msg: POST /add
INFO: 2015-10-18 16:59:14.704578 msg: record created
INFO: 2015-10-18 16:59:14.718421 msg: news created
INFO: 2015-10-18 16:59:18.989493 msg: GET /news?per_page=5&user_id=4&page=1
INFO: 2015-10-18 16:59:19.033979 msg: success
INFO: 2015-10-18 16:59:50.261437 msg: GET /news?per_page=5&user_id=4&page=1
INFO: 2015-10-18 16:59:50.311608 msg: success
INFO: 2015-10-18 17:00:26.016705 msg: GET /news?per_page=5&user_id=4&page=1
INFO: 2015-10-18 17:01:19.133043 msg: success
INFO: 2015-10-18 17:01:25.907382 msg: GET /news?per_page=5&user_id=4&page=1
INFO: 2015-10-18 17:01:32.480260 msg: success
INFO: 2015-10-18 17:01:38.208113 msg: GET /news?per_page=5&user_id=4&page=1
INFO: 2015-10-18 17:02:10.066786 msg: success
INFO: 2015-10-18 17:02:15.263223 msg: GET /news?per_page=5&user_id=4&page=1
INFO: 2015-10-18 17:02:15.314690 msg: success
INFO: 2015-10-18 17:03:18.942280 msg: GET /news?per_page=5&user_id=4&page=1
INFO: 2015-10-18 17:03:18.992736 msg: success
INFO: 2015-10-18 17:03:34.963186 msg: GET /news?per_page=5&user_id=4&page=1
INFO: 2015-10-18 17:03:35.012268 msg: success
INFO: 2015-10-18 17:04:34.264355 msg: GET /news?per_page=5&user_id=4&page=1
INFO: 2015-10-18 17:04:34.325212 msg: success
INFO: 2015-10-18 17:05:24.209523 msg: GET /news?per_page=5&user_id=4&page=1
INFO: 2015-10-18 17:05:24.265170 msg: success
INFO: 2015-10-18 17:05:42.203368 msg: GET /news?per_page=5&user_id=4&page=1
INFO: 2015-10-18 17:05:42.260593 msg: success
INFO: 2015-10-18 17:05:53.665785 msg: GET /newsownerslist?user_id=4
INFO: 2015-10-18 17:05:53.702925 msg: success
INFO: 2015-10-18 17:05:57.040060 msg: GET /news?per_page=5&user_id=4&page=1
INFO: 2015-10-18 17:05:57.094760 msg: success
INFO: 2015-10-18 17:06:06.068501 msg: GET /issubscribed?owner=3&subscriber=4
INFO: 2015-10-18 17:06:09.856563 msg: GET /issubscribed?owner=3&subscriber=4
INFO: 2015-10-18 17:06:09.961208 msg: GET /unsubscribe?owner=3&subscriber=4
INFO: 2015-10-18 17:06:10.025737 msg: success
INFO: 2015-10-18 17:06:10.297841 msg: GET /issubscribed?owner=3&subscriber=4
INFO: 2015-10-18 17:06:13.187993 msg: GET /news?per_page=5&user_id=4&page=1
INFO: 2015-10-18 17:06:13.228286 msg: success
INFO: 2015-10-18 17:06:27.559387 msg: GET /issubscribed?owner=3&subscriber=4
INFO: 2015-10-18 17:06:29.839814 msg: GET /issubscribed?owner=3&subscriber=4
INFO: 2015-10-18 17:06:29.937151 msg: GET /subscribe?owner=3&subscriber=4
INFO: 2015-10-18 17:06:30.008750 msg: success
INFO: 2015-10-18 17:06:30.265757 msg: GET /issubscribed?owner=3&subscriber=4
INFO: 2015-10-18 17:06:32.596244 msg: GET /news?per_page=5&user_id=4&page=1
INFO: 2015-10-18 17:06:32.642890 msg: success
INFO: 2015-10-18 17:06:54.100418 msg: GET /issubscribed?owner=3&subscriber=4
INFO: 2015-10-18 17:08:12.325041 msg: GET /news?per_page=5&user_id=3&page=1
INFO: 2015-10-18 17:08:12.367749 msg: success
INFO: 2015-10-18 17:08:18.031714 msg: DELETE /remove?bookmark_id=10
INFO: 2015-10-18 17:08:21.199884 msg: list index out of range
INFO: 2015-10-18 17:08:22.665614 msg: DELETE /remove?bookmark_id=11
INFO: 2015-10-18 17:08:22.729597 msg: list index out of range
INFO: 2015-10-18 17:08:24.319754 msg: DELETE /remove?bookmark_id=12
INFO: 2015-10-18 17:08:24.356496 msg: list index out of range
INFO: 2015-10-18 17:08:25.495605 msg: DELETE /remove?bookmark_id=13
INFO: 2015-10-18 17:08:25.532125 msg: list index out of range
INFO: 2015-10-18 17:08:26.639631 msg: DELETE /remove?bookmark_id=8
INFO: 2015-10-18 17:08:26.678794 msg: list index out of range
INFO: 2015-10-18 17:08:27.698580 msg: DELETE /remove?bookmark_id=20
INFO: 2015-10-18 17:08:27.761845 msg: success
INFO: 2015-10-18 17:08:55.932488 msg: POST /add
INFO: 2015-10-18 17:08:55.977265 msg: record created
INFO: 2015-10-18 17:08:55.989522 msg: news created
INFO: 2015-10-18 17:09:34.942607 msg: GET /news?per_page=5&user_id=4&page=1
INFO: 2015-10-18 17:09:34.977127 msg: success
INFO: 2015-10-18 17:09:37.848133 msg: GET /newsownerslist?user_id=4
INFO: 2015-10-18 17:09:37.890403 msg: success
INFO: 2015-10-18 17:09:39.718794 msg: GET /issubscribed?owner=3&subscriber=4
INFO: 2015-10-18 17:09:48.928487 msg: GET /news?per_page=5&user_id=4&page=1
INFO: 2015-10-18 17:09:48.971578 msg: success
INFO: 2015-10-18 17:09:58.871196 msg: POST /add
INFO: 2015-10-18 17:09:58.912909 msg: record created
INFO: 2015-10-18 17:09:58.924993 msg: news created
INFO: 2015-10-18 17:10:01.311472 msg: GET /news?per_page=5&user_id=4&page=1
INFO: 2015-10-18 17:10:01.375682 msg: success
INFO: 2015-10-18 18:59:06.617051 msg: GET /news?per_page=5&user_id=4&page=1
INFO: 2015-10-18 18:59:06.656308 msg: success
INFO: 2015-10-18 18:59:10.835996 msg: GET /newsownerslist?user_id=4
INFO: 2015-10-18 18:59:10.874161 msg: success
INFO: 2015-10-18 18:59:12.375791 msg: GET /issubscribed?owner=3&subscriber=4
INFO: 2015-10-18 18:59:19.293484 msg: GET /news?per_page=5&user_id=4&page=1
INFO: 2015-10-18 18:59:19.334178 msg: success
INFO: 2015-10-18 18:59:59.697427 msg: DELETE /remove?bookmark_id=21
INFO: 2015-10-18 18:59:59.767792 msg: success
INFO: 2015-10-18 19:00:01.001765 msg: DELETE /remove?bookmark_id=22
INFO: 2015-10-18 19:00:01.067988 msg: success
INFO: 2015-10-18 19:00:11.377517 msg: POST /add
INFO: 2015-10-18 19:00:20.864234 msg: record created
INFO: 2015-10-18 19:00:40.979599 msg: news created
INFO: 2015-10-18 19:00:57.676637 msg: GET /news?per_page=5&user_id=4&page=1
INFO: 2015-10-18 19:01:02.261807 msg: success
INFO: 2015-10-18 19:01:05.575998 msg: GET /news?per_page=5&user_id=4&page=1
INFO: 2015-10-18 19:01:07.106951 msg: success
INFO: 2015-10-18 19:01:17.060286 msg: GET /news?per_page=5&user_id=4&page=1
INFO: 2015-10-18 19:02:30.808409 msg: success
INFO: 2015-10-18 19:02:33.719543 msg: GET /news?per_page=5&user_id=4&page=1
INFO: 2015-10-18 19:02:38.937934 msg: success
INFO: 2015-10-18 19:02:43.665586 msg: GET /news?per_page=5&user_id=4&page=1
INFO: 2015-10-18 19:02:59.872943 msg: success
INFO: 2015-10-18 19:03:02.453846 msg: GET /news?per_page=5&user_id=4&page=1
INFO: 2015-10-18 19:03:44.824854 msg: success
INFO: 2015-10-18 19:04:03.949316 msg: GET /news?per_page=5&user_id=4&page=1
INFO: 2015-10-18 19:04:10.856632 msg: success
INFO: 2015-10-18 19:04:33.041936 msg: POST /add
INFO: 2015-10-18 19:04:37.151838 msg: record created
INFO: 2015-10-18 19:05:01.857202 msg: news created
INFO: 2015-10-18 19:05:25.933396 msg: GET /news?per_page=5&user_id=4&page=1
INFO: 2015-10-18 19:05:28.487210 msg: success
INFO: 2015-10-18 19:13:06.743373 msg: GET /issubscribed?owner=3&subscriber=5
INFO: 2015-10-18 19:13:08.653615 msg: GET /issubscribed?owner=3&subscriber=5
INFO: 2015-10-18 19:13:08.741145 msg: GET /subscribe?owner=3&subscriber=5
INFO: 2015-10-18 19:13:11.431977 msg: success
INFO: 2015-10-18 19:13:11.703790 msg: GET /issubscribed?owner=3&subscriber=5
INFO: 2015-10-18 19:13:13.860566 msg: GET /news?per_page=5&user_id=5&page=1
INFO: 2015-10-18 19:13:15.978009 msg: success
INFO: 2015-10-18 19:13:23.253544 msg: GET /newsownerslist?user_id=5
INFO: 2015-10-18 19:13:23.297210 msg: success
INFO: 2015-10-18 19:13:24.440675 msg: GET /issubscribed?owner=3&subscriber=5
INFO: 2015-10-18 19:13:25.549317 msg: GET /issubscribed?owner=3&subscriber=5
INFO: 2015-10-18 19:13:25.672574 msg: GET /unsubscribe?owner=3&subscriber=5
INFO: 2015-10-18 19:13:25.741869 msg: success
INFO: 2015-10-18 19:13:25.984641 msg: GET /issubscribed?owner=3&subscriber=5
INFO: 2015-10-18 19:13:28.342091 msg: GET /news?per_page=5&user_id=5&page=1
INFO: 2015-10-18 19:13:31.722590 msg: success
INFO: 2015-10-18 19:13:35.943776 msg: GET /news?per_page=5&user_id=4&page=1
INFO: 2015-10-18 19:13:36.009461 msg: success
INFO: 2015-10-18 19:14:29.095884 msg: GET /news?per_page=5&user_id=5&page=1
INFO: 2015-10-18 19:14:29.143339 msg: success
INFO: 2015-10-18 19:14:32.116227 msg: GET /news?per_page=5&user_id=5&page=1
INFO: 2015-10-18 19:14:32.159549 msg: success
INFO: 2015-10-18 19:14:44.592485 msg: GET /issubscribed?owner=3&subscriber=5
INFO: 2015-10-18 19:14:46.191245 msg: GET /issubscribed?owner=3&subscriber=5
INFO: 2015-10-18 19:14:46.306792 msg: GET /subscribe?owner=3&subscriber=5
INFO: 2015-10-18 19:14:49.393756 msg: success
INFO: 2015-10-18 19:14:49.650584 msg: GET /issubscribed?owner=3&subscriber=5
INFO: 2015-10-18 19:14:51.719673 msg: GET /news?per_page=5&user_id=5&page=1
INFO: 2015-10-18 19:14:51.772112 msg: success
INFO: 2015-10-18 19:15:07.064782 msg: POST /add
INFO: 2015-10-18 19:15:10.493117 msg: record created
INFO: 2015-10-18 19:15:10.521018 msg: news created
INFO: 2015-10-18 19:15:13.621226 msg: GET /news?per_page=5&user_id=5&page=1
INFO: 2015-10-18 19:15:13.684111 msg: success
INFO: 2015-10-18 19:15:16.295570 msg: GET /news?per_page=5&user_id=4&page=1
INFO: 2015-10-18 19:15:16.360014 msg: success
INFO: 2015-10-18 19:15:21.843745 msg: DELETE /remove?bookmark_id=23
INFO: 2015-10-18 19:15:21.919768 msg: success
INFO: 2015-10-18 19:15:24.553485 msg: GET /news?per_page=5&user_id=4&page=1
INFO: 2015-10-18 19:15:24.612918 msg: success
INFO: 2015-10-18 19:15:26.327272 msg: GET /news?per_page=5&user_id=5&page=1
INFO: 2015-10-18 19:15:26.410896 msg: success
INFO: 2015-10-18 19:15:47.455253 msg: POST /add
INFO: 2015-10-18 19:15:47.496003 msg: record created
INFO: 2015-10-18 19:15:47.506047 msg: news created
INFO: 2015-10-18 19:16:29.754889 msg: GET /issubscribed?owner=4&subscriber=5
INFO: 2015-10-18 19:16:31.297161 msg: GET /issubscribed?owner=4&subscriber=5
INFO: 2015-10-18 19:16:31.410099 msg: GET /subscribe?owner=4&subscriber=5
INFO: 2015-10-18 19:16:31.487493 msg: success
INFO: 2015-10-18 19:16:31.770693 msg: GET /issubscribed?owner=4&subscriber=5
INFO: 2015-10-18 19:16:33.923217 msg: GET /news?per_page=5&user_id=5&page=1
INFO: 2015-10-18 19:16:33.992535 msg: success
INFO: 2015-10-18 19:17:04.625868 msg: GET /news?per_page=5&user_id=5&page=2
INFO: 2015-10-18 19:17:04.679678 msg: success
INFO: 2015-10-18 19:17:38.332412 msg: POST /add
INFO: 2015-10-18 19:17:38.370690 msg: record created
INFO: 2015-10-18 19:17:38.376887 msg: news created
INFO: 2015-10-18 19:19:26.284398 msg: POST /add
INFO: 2015-10-18 19:19:26.323419 msg: record created
INFO: 2015-10-18 19:19:26.329239 msg: news created
INFO: 2015-10-18 19:20:26.128212 msg: GET /news?per_page=5&user_id=5&page=1
INFO: 2015-10-18 19:20:26.205018 msg: success
INFO: 2015-10-18 19:20:31.392712 msg: GET /news?per_page=5&user_id=5&page=2
INFO: 2015-10-18 19:20:31.460202 msg: success
INFO: 2015-10-18 19:20:33.345025 msg: GET /news?per_page=5&user_id=5&page=1
INFO: 2015-10-18 19:20:33.413317 msg: success
INFO: 2015-10-18 19:20:56.310355 msg: GET /news?per_page=5&user_id=5&page=1
INFO: 2015-10-18 19:20:56.392125 msg: success
INFO: 2015-10-18 19:20:57.781110 msg: GET /news?per_page=5&user_id=5&page=2
INFO: 2015-10-18 19:20:57.840515 msg: success
INFO: 2015-10-18 19:20:59.116094 msg: GET /news?per_page=5&user_id=5&page=1
INFO: 2015-10-18 19:20:59.195305 msg: success
INFO: 2015-10-18 19:21:18.097699 msg: DELETE /remove?bookmark_id=27
INFO: 2015-10-18 19:21:18.164712 msg: success
INFO: 2015-10-18 19:21:29.213445 msg: GET /news?per_page=5&user_id=5&page=1
INFO: 2015-10-18 19:21:29.284111 msg: success
INFO: 2015-10-18 19:21:30.465747 msg: GET /newsownerslist?user_id=5
INFO: 2015-10-18 19:21:30.514442 msg: success
INFO: 2015-10-18 19:21:32.600984 msg: GET /issubscribed?owner=3&subscriber=5
INFO: 2015-10-18 19:21:33.900963 msg: GET /issubscribed?owner=3&subscriber=5
INFO: 2015-10-18 19:21:34.003069 msg: GET /unsubscribe?owner=3&subscriber=5
INFO: 2015-10-18 19:21:34.080143 msg: success
INFO: 2015-10-18 19:21:34.384073 msg: GET /issubscribed?owner=3&subscriber=5
INFO: 2015-10-18 19:21:35.512165 msg: GET /news?per_page=5&user_id=5&page=1
INFO: 2015-10-18 19:21:35.571271 msg: success
INFO: 2015-10-18 19:21:39.568911 msg: GET /newsownerslist?user_id=5
INFO: 2015-10-18 19:21:39.612376 msg: success
INFO: 2015-10-18 19:21:40.693302 msg: GET /issubscribed?owner=4&subscriber=5
INFO: 2015-10-18 19:21:41.706864 msg: GET /issubscribed?owner=4&subscriber=5
INFO: 2015-10-18 19:21:41.799362 msg: GET /unsubscribe?owner=4&subscriber=5
INFO: 2015-10-18 19:21:41.896326 msg: success
INFO: 2015-10-18 19:21:42.135624 msg: GET /issubscribed?owner=4&subscriber=5
INFO: 2015-10-18 19:21:44.422726 msg: GET /news?per_page=5&user_id=5&page=1
INFO: 2015-10-18 19:21:44.462261 msg: success
INFO: 2015-10-18 19:21:46.467418 msg: GET /issubscribed?owner=4&subscriber=5
INFO: 2015-10-18 19:21:46.593629 msg: GET /subscribe?owner=4&subscriber=5
INFO: 2015-10-18 19:21:46.685810 msg: success
INFO: 2015-10-18 19:21:46.947030 msg: GET /issubscribed?owner=4&subscriber=5
INFO: 2015-10-18 19:21:47.810745 msg: GET /news?per_page=5&user_id=5&page=1
INFO: 2015-10-18 19:21:47.876009 msg: success
INFO: 2015-10-18 19:43:32.056494 msg: DELETE /remove?bookmark_id=28
INFO: 2015-10-18 19:43:32.117295 msg: success
INFO: 2015-10-18 19:43:33.539426 msg: DELETE /remove?bookmark_id=29
INFO: 2015-10-18 19:43:33.586892 msg: list index out of range
INFO: 2015-10-18 19:43:34.921947 msg: DELETE /remove?bookmark_id=30
INFO: 2015-10-18 19:43:34.965040 msg: list index out of range
INFO: 2015-10-18 19:56:58.748921 msg: DELETE /remove?bookmark_id=35
INFO: 2015-10-18 19:56:58.804241 msg: list index out of range
INFO: 2015-10-18 19:57:19.124061 msg: GET /news?per_page=5&user_id=5&page=1
INFO: 2015-10-18 19:57:19.204571 msg: success
INFO: 2015-10-18 20:01:54.059922 msg: DELETE /remove?bookmark_id=34
INFO: 2015-10-18 20:01:54.093085 msg: list index out of range
INFO: 2015-10-18 20:01:55.320092 msg: DELETE /remove?bookmark_id=33
INFO: 2015-10-18 20:01:55.368331 msg: list index out of range
INFO: 2015-10-18 20:01:56.553302 msg: DELETE /remove?bookmark_id=32
INFO: 2015-10-18 20:01:56.594459 msg: list index out of range
INFO: 2015-10-18 20:13:41.210161 msg: GET /news?per_page=5&user_id=5&page=1
INFO: 2015-10-18 20:13:41.303279 msg: success
INFO: 2015-10-18 20:14:08.858807 msg: DELETE /remove?bookmark_id=36
INFO: 2015-10-18 20:14:08.928249 msg: list index out of range
INFO: 2015-10-18 20:14:10.738463 msg: DELETE /remove?bookmark_id=37
INFO: 2015-10-18 20:14:10.780311 msg: list index out of range
INFO: 2015-10-18 20:14:11.990830 msg: DELETE /remove?bookmark_id=38
INFO: 2015-10-18 20:14:12.044149 msg: list index out of range
INFO: 2015-10-18 20:14:18.810364 msg: DELETE /remove?bookmark_id=31
INFO: 2015-10-18 20:14:18.854632 msg: list index out of range
INFO: 2015-10-18 20:14:27.116770 msg: POST /add
INFO: 2015-10-18 20:14:27.167443 msg: record created
INFO: 2015-10-18 20:14:27.176532 msg: news created
INFO: 2015-10-18 20:15:21.024518 msg: POST /add
INFO: 2015-10-18 20:15:21.080203 msg: record created
INFO: 2015-10-18 20:15:21.086143 msg: news created
INFO: 2015-10-18 20:15:45.392336 msg: DELETE /remove?bookmark_id=39
INFO: 2015-10-18 20:15:45.480138 msg: success
INFO: 2015-10-18 20:15:53.946891 msg: POST /add
INFO: 2015-10-18 20:15:53.992740 msg: record created
INFO: 2015-10-18 20:15:53.998047 msg: news created
INFO: 2015-10-18 20:16:15.909323 msg: GET /news?per_page=5&user_id=5&page=1
INFO: 2015-10-18 20:16:16.001460 msg: success
INFO: 2015-10-18 20:17:24.437608 msg: GET /issubscribed?owner=4&subscriber=5
