INFO: 2015-10-06 18:47:32.270306 msg: PUT /register?last_name=Mogilnikov&password=1234&email=m%40m.my&name=Alexey
INFO: 2015-10-06 18:47:32.299839 msg: register: email m@m.my
INFO: 2015-10-06 18:47:33.088892 msg: user registered
INFO: 2015-10-06 18:47:43.079596 msg: POST /login
INFO: 2015-10-06 18:47:43.083699 msg: login request
INFO: 2015-10-06 18:47:43.083754 msg: email: m@m.my
INFO: 2015-10-06 18:47:45.773955 msg: POST /login
INFO: 2015-10-06 18:47:45.774131 msg: login request
INFO: 2015-10-06 18:47:45.774163 msg: email: m@m.my
INFO: 2015-10-06 18:47:46.783482 msg: POST /login
INFO: 2015-10-06 18:47:46.783645 msg: login request
INFO: 2015-10-06 18:47:46.783676 msg: email: m@m.my
INFO: 2015-10-06 18:47:47.357929 msg: POST /login
INFO: 2015-10-06 18:47:47.358137 msg: login request
INFO: 2015-10-06 18:47:47.358170 msg: email: m@m.my
INFO: 2015-10-06 18:47:48.934001 msg: POST /login
INFO: 2015-10-06 18:47:48.934171 msg: login request
INFO: 2015-10-06 18:47:48.934207 msg: email: m@m.my
INFO: 2015-10-06 18:47:55.347344 msg: POST /login
INFO: 2015-10-06 18:47:55.348328 msg: login request
INFO: 2015-10-06 18:47:55.348334 msg: email: m@m.my
INFO: 2015-10-06 18:47:57.252103 msg: POST /login
INFO: 2015-10-06 18:47:57.252264 msg: login request
INFO: 2015-10-06 18:47:57.252294 msg: email: m@m.my
INFO: 2015-10-06 18:47:57.892002 msg: POST /login
INFO: 2015-10-06 18:47:57.892174 msg: login request
INFO: 2015-10-06 18:47:57.892205 msg: email: m@m.my
INFO: 2015-10-06 18:48:25.271189 msg: POST /login
INFO: 2015-10-06 18:48:25.271390 msg: login request
INFO: 2015-10-06 18:48:25.271434 msg: email: m@m.my
INFO: 2015-10-06 18:48:26.123052 msg: POST /login
INFO: 2015-10-06 18:48:26.123245 msg: login request
INFO: 2015-10-06 18:48:26.123276 msg: email: m@m.my
INFO: 2015-10-06 18:48:26.762722 msg: POST /login
INFO: 2015-10-06 18:48:26.762902 msg: login request
INFO: 2015-10-06 18:48:26.762934 msg: email: m@m.my
INFO: 2015-10-06 18:48:27.356723 msg: POST /login
INFO: 2015-10-06 18:48:27.356898 msg: login request
INFO: 2015-10-06 18:48:27.356929 msg: email: m@m.my
INFO: 2015-10-06 18:49:37.327783 msg: POST /login
INFO: 2015-10-06 18:49:37.337505 msg: login request
INFO: 2015-10-06 18:49:37.337561 msg: email: m@m.my
INFO: 2015-10-06 18:50:32.525015 msg: POST /login
INFO: 2015-10-06 18:50:33.059526 msg: login request
INFO: 2015-10-06 18:50:33.059667 msg: email: m@m.my
INFO: 2015-10-06 18:51:19.628268 msg: POST /login
INFO: 2015-10-06 18:51:19.775519 msg: login request
INFO: 2015-10-06 18:51:19.775572 msg: email: m@m.my
INFO: 2015-10-06 19:03:34.854836 msg: POST /login
INFO: 2015-10-06 19:03:34.856279 msg: login request
INFO: 2015-10-06 19:03:34.856333 msg: email: m@m.my
INFO: 2015-10-06 19:03:35.428552 msg: user is none
ERROR: 2015-10-06 19:03:35.428710 msg: login failed
INFO: 2015-10-06 19:04:46.536911 msg: POST /login
INFO: 2015-10-06 19:04:46.537891 msg: login request
INFO: 2015-10-06 19:04:46.537972 msg: email: m@m.my
INFO: 2015-10-06 19:44:34.688580 msg: PUT /register?last_name=Mogilnikov&password=12345678&email=m%40my.ru&name=Alex
INFO: 2015-10-06 19:44:53.647011 msg: register: email m@my.ru
INFO: 2015-10-06 19:45:12.756094 msg: user registered
INFO: 2015-10-06 19:45:18.519276 msg: user is none
ERROR: 2015-10-06 19:45:18.569094 msg: login failed
INFO: 2015-10-06 19:45:39.452400 msg: POST /login
INFO: 2015-10-06 19:45:39.460883 msg: login request
INFO: 2015-10-06 19:45:39.461014 msg: email: m@my.ru
INFO: 2015-10-06 19:46:26.884659 msg: user is none
ERROR: 2015-10-06 19:46:26.888068 msg: login failed
INFO: 2015-10-06 19:48:58.476748 msg: POST /login
INFO: 2015-10-06 19:48:58.479124 msg: login request
INFO: 2015-10-06 19:48:58.479200 msg: email: m@my.ru
INFO: 2015-10-06 19:50:48.978699 msg: POST /login
INFO: 2015-10-06 19:50:48.979568 msg: login request
INFO: 2015-10-06 19:50:48.980460 msg: email: m@my.ru
INFO: 2015-10-06 19:52:48.548945 msg: POST /login
INFO: 2015-10-06 19:52:48.550912 msg: login request
INFO: 2015-10-06 19:52:48.551003 msg: email: m@my.ru
INFO: 2015-10-06 19:53:14.869178 msg: user is none
ERROR: 2015-10-06 19:53:14.882748 msg: login failed
INFO: 2015-10-06 19:54:13.103058 msg: POST /login
INFO: 2015-10-06 19:54:13.193966 msg: login request
INFO: 2015-10-06 19:54:13.194079 msg: email: m@my.ru
INFO: 2015-10-06 19:55:56.225288 msg: user is none
ERROR: 2015-10-06 19:55:56.237172 msg: login failed
INFO: 2015-10-06 19:56:35.179589 msg: POST /login
INFO: 2015-10-06 19:56:35.197779 msg: login request
INFO: 2015-10-06 19:56:35.198156 msg: email: m@my.ru
INFO: 2015-10-06 19:57:02.977608 msg: 1
INFO: 2015-10-06 19:57:02.991343 msg: login successful: 
INFO: 2015-10-06 19:57:02.991441 msg: id: 2
INFO: 2015-10-06 19:57:02.991498 msg: token: bc66e6f3dc937c503dce2c1448669bb1
INFO: 2015-10-06 19:57:06.958272 msg: GET /check?id=1&token=bc66e6f3dc937c503dce2c1448669bb1
INFO: 2015-10-06 20:29:31.157569 msg: GET /check?id=1&token=bc66e6f3dc937c503dce2c1448669bb1
INFO: 2015-10-06 20:29:32.642665 msg: POST /login
INFO: 2015-10-06 20:29:32.644707 msg: login request
INFO: 2015-10-06 20:29:32.644782 msg: email: m@my.ru
INFO: 2015-10-06 20:31:21.514621 msg: GET /check?id=1&token=bc66e6f3dc937c503dce2c1448669bb1
INFO: 2015-10-06 20:32:07.843142 msg: POST /login
INFO: 2015-10-06 20:32:07.941047 msg: login request
INFO: 2015-10-06 20:32:07.941253 msg: email: m@my.ru
INFO: 2015-10-06 20:32:30.045483 msg: 2
INFO: 2015-10-06 20:32:30.060121 msg: login successful: 
INFO: 2015-10-06 20:32:30.060204 msg: id: 2
INFO: 2015-10-06 20:32:30.060260 msg: token: 50eae875308db01005b56a6e2565421b
INFO: 2015-10-06 20:32:31.766342 msg: GET /check?id=2&token=50eae875308db01005b56a6e2565421b
INFO: 2015-10-06 20:34:18.433903 msg: GET /check?id=2&token=50eae875308db01005b56a6e2565421b
INFO: 2015-10-06 20:37:08.154517 msg: GET /check?id=2&token=50eae875308db01005b56a6e2565421b
INFO: 2015-10-06 20:47:50.110628 msg: POST /login
INFO: 2015-10-06 20:47:50.114985 msg: login request
INFO: 2015-10-06 20:47:50.115092 msg: email: m@my.ru
INFO: 2015-10-06 20:47:55.204599 msg: 3
INFO: 2015-10-06 20:47:55.204869 msg: login successful: 
INFO: 2015-10-06 20:47:55.204997 msg: id: 2
INFO: 2015-10-06 20:47:55.205135 msg: token: 5b82f3a579d9bd4db64152b530501062
INFO: 2015-10-06 20:47:55.333346 msg: GET /check?id=3&token=5b82f3a579d9bd4db64152b530501062
INFO: 2015-10-06 20:48:50.771803 msg: GET /check?id=3&token=5b82f3a579d9bd4db64152b530501062
INFO: 2015-10-06 20:49:24.512273 msg: GET /check?id=3&token=5b82f3a579d9bd4db64152b530501062
INFO: 2015-10-06 20:51:16.765775 msg: GET /check?id=3&token=5b82f3a579d9bd4db64152b530501062
INFO: 2015-10-06 20:57:03.695925 msg: GET /check?id=3&token=5b82f3a579d9bd4db64152b530501062
INFO: 2015-10-06 20:57:09.311040 msg: valid cookie
INFO: 2015-10-06 20:57:09.408415 msg: GET /check?id=3&token=5b82f3a579d9bd4db64152b530501062
INFO: 2015-10-06 20:57:09.452801 msg: valid cookie
INFO: 2015-10-06 20:57:13.873040 msg: GET /check?id=3&token=5b82f3a579d9bd4db64152b530501062
INFO: 2015-10-06 20:57:13.903630 msg: valid cookie
INFO: 2015-10-06 20:57:13.946038 msg: GET /me?userId=2
INFO: 2015-10-06 20:57:13.972510 msg: user emailm@my.ru
INFO: 2015-10-06 20:57:15.152600 msg: GET /check?id=3&token=5b82f3a579d9bd4db64152b530501062
INFO: 2015-10-06 20:57:15.199662 msg: valid cookie
INFO: 2015-10-06 20:57:15.891776 msg: GET /check?id=3&token=5b82f3a579d9bd4db64152b530501062
INFO: 2015-10-06 20:57:15.925722 msg: valid cookie
INFO: 2015-10-06 20:57:16.445606 msg: GET /check?id=3&token=5b82f3a579d9bd4db64152b530501062
INFO: 2015-10-06 20:57:16.484409 msg: valid cookie
INFO: 2015-10-06 20:57:17.179157 msg: GET /check?id=3&token=5b82f3a579d9bd4db64152b530501062
INFO: 2015-10-06 20:57:17.237455 msg: valid cookie
INFO: 2015-10-06 20:57:17.301652 msg: GET /me?userId=2
INFO: 2015-10-06 20:57:17.336575 msg: user emailm@my.ru
INFO: 2015-10-14 19:34:25.536399 msg: PUT /register?last_name=Maslov&password=1234&email=user%40user.com&name=Alex
INFO: 2015-10-14 19:34:25.537233 msg: register: email user@user.com
INFO: 2015-10-14 19:34:25.655127 msg: user registered
INFO: 2015-10-14 19:34:31.164612 msg: POST /login
INFO: 2015-10-14 19:34:31.164876 msg: login request
INFO: 2015-10-14 19:34:31.165013 msg: email: user@user.com
INFO: 2015-10-14 19:34:31.236723 msg: 4
INFO: 2015-10-14 19:34:31.236878 msg: login successful: 
INFO: 2015-10-14 19:34:31.237032 msg: id: 3
INFO: 2015-10-14 19:34:31.237116 msg: token: c6b97167c7de6289960a403a2f777e39
INFO: 2015-10-14 19:34:31.270020 msg: GET /check?id=4&token=c6b97167c7de6289960a403a2f777e39
INFO: 2015-10-14 19:34:31.294867 msg: valid cookie
INFO: 2015-10-14 19:34:41.976157 msg: GET /check?id=4&token=c6b97167c7de6289960a403a2f777e39
INFO: 2015-10-14 19:34:42.002049 msg: valid cookie
INFO: 2015-10-14 19:34:45.598146 msg: GET /check?id=4&token=c6b97167c7de6289960a403a2f777e39
INFO: 2015-10-14 19:34:45.628134 msg: valid cookie
INFO: 2015-10-14 19:34:45.646236 msg: GET /me?userId=3
INFO: 2015-10-14 19:34:45.667730 msg: user emailuser@user.com
INFO: 2015-10-14 19:34:51.092730 msg: GET /check?id=4&token=c6b97167c7de6289960a403a2f777e39
INFO: 2015-10-14 19:34:51.119175 msg: valid cookie
INFO: 2015-10-14 19:34:51.133722 msg: DELETE /logout?id=4&token=c6b97167c7de6289960a403a2f777e39
INFO: 2015-10-14 19:34:51.133951 msg: clear cookie: 
INFO: 2015-10-14 19:34:51.134043 msg: token: c6b97167c7de6289960a403a2f777e39
INFO: 2015-10-14 19:34:51.134126 msg: id: 4
INFO: 2015-10-14 19:34:51.160333 msg: cookie deleted
INFO: 2015-10-14 19:34:57.843159 msg: POST /login
INFO: 2015-10-14 19:34:57.843382 msg: login request
INFO: 2015-10-14 19:34:57.843470 msg: email: user@user.com
INFO: 2015-10-14 19:34:57.875343 msg: 5
INFO: 2015-10-14 19:34:57.875511 msg: login successful: 
INFO: 2015-10-14 19:34:57.875738 msg: id: 3
INFO: 2015-10-14 19:34:57.875823 msg: token: 4bf6affb4a6f5472f477bf1f887ad6e2
INFO: 2015-10-14 19:34:57.922104 msg: GET /check?id=5&token=4bf6affb4a6f5472f477bf1f887ad6e2
INFO: 2015-10-14 19:34:57.955863 msg: valid cookie
INFO: 2015-10-14 19:35:48.763138 msg: GET /check?id=5&token=4bf6affb4a6f5472f477bf1f887ad6e2
INFO: 2015-10-14 19:35:48.793220 msg: valid cookie
INFO: 2015-10-14 19:35:48.816107 msg: GET /me?userId=3
INFO: 2015-10-14 19:35:48.845666 msg: user emailuser@user.com
INFO: 2015-10-14 19:37:11.648665 msg: GET /check?id=5&token=4bf6affb4a6f5472f477bf1f887ad6e2
INFO: 2015-10-14 19:37:11.675435 msg: valid cookie
INFO: 2015-10-14 19:37:11.692399 msg: GET /me?userId=3
INFO: 2015-10-14 19:37:11.714181 msg: user emailuser@user.com
INFO: 2015-10-14 19:37:42.588477 msg: GET /check?id=5&token=4bf6affb4a6f5472f477bf1f887ad6e2
INFO: 2015-10-14 19:37:42.613678 msg: valid cookie
INFO: 2015-10-14 19:38:25.666719 msg: GET /check?id=5&token=4bf6affb4a6f5472f477bf1f887ad6e2
INFO: 2015-10-14 19:38:25.699357 msg: valid cookie
INFO: 2015-10-14 19:39:40.318609 msg: GET /check?id=5&token=4bf6affb4a6f5472f477bf1f887ad6e2
INFO: 2015-10-14 19:39:40.346539 msg: valid cookie
INFO: 2015-10-14 20:02:27.588710 msg: GET /check?id=5&token=4bf6affb4a6f5472f477bf1f887ad6e2
INFO: 2015-10-14 20:02:27.616743 msg: valid cookie
INFO: 2015-10-14 20:02:45.159145 msg: GET /check?id=5&token=4bf6affb4a6f5472f477bf1f887ad6e2
INFO: 2015-10-14 20:02:45.185703 msg: valid cookie
INFO: 2015-10-14 20:02:46.289049 msg: GET /check?id=5&token=4bf6affb4a6f5472f477bf1f887ad6e2
INFO: 2015-10-14 20:02:46.326010 msg: valid cookie
INFO: 2015-10-14 20:06:49.643235 msg: GET /check?id=5&token=4bf6affb4a6f5472f477bf1f887ad6e2
INFO: 2015-10-14 20:06:49.671124 msg: valid cookie
INFO: 2015-10-14 20:08:28.747212 msg: GET /check?id=5&token=4bf6affb4a6f5472f477bf1f887ad6e2
INFO: 2015-10-14 20:08:28.775491 msg: valid cookie
INFO: 2015-10-14 20:09:05.420361 msg: GET /check?id=5&token=4bf6affb4a6f5472f477bf1f887ad6e2
INFO: 2015-10-14 20:09:05.456724 msg: valid cookie
INFO: 2015-10-14 20:09:22.342261 msg: GET /check?id=5&token=4bf6affb4a6f5472f477bf1f887ad6e2
INFO: 2015-10-14 20:09:22.403186 msg: valid cookie
INFO: 2015-10-14 20:09:41.904960 msg: GET /check?id=5&token=4bf6affb4a6f5472f477bf1f887ad6e2
INFO: 2015-10-14 20:09:41.949061 msg: valid cookie
INFO: 2015-10-14 20:09:59.331636 msg: GET /check?id=5&token=4bf6affb4a6f5472f477bf1f887ad6e2
INFO: 2015-10-14 20:09:59.373291 msg: valid cookie
INFO: 2015-10-14 20:10:36.795863 msg: GET /check?id=5&token=4bf6affb4a6f5472f477bf1f887ad6e2
INFO: 2015-10-14 20:10:36.830879 msg: valid cookie
INFO: 2015-10-14 20:10:50.190921 msg: GET /check?id=5&token=4bf6affb4a6f5472f477bf1f887ad6e2
INFO: 2015-10-14 20:10:50.228195 msg: valid cookie
INFO: 2015-10-14 20:11:25.339346 msg: GET /check?id=5&token=4bf6affb4a6f5472f477bf1f887ad6e2
INFO: 2015-10-14 20:11:25.373893 msg: valid cookie
INFO: 2015-10-14 20:11:39.995558 msg: GET /check?id=5&token=4bf6affb4a6f5472f477bf1f887ad6e2
INFO: 2015-10-14 20:11:40.041567 msg: valid cookie
INFO: 2015-10-14 20:12:45.404230 msg: GET /check?id=5&token=4bf6affb4a6f5472f477bf1f887ad6e2
INFO: 2015-10-14 20:12:45.462953 msg: valid cookie
INFO: 2015-10-14 20:13:15.473308 msg: GET /check?id=5&token=4bf6affb4a6f5472f477bf1f887ad6e2
INFO: 2015-10-14 20:13:15.506305 msg: valid cookie
INFO: 2015-10-14 20:44:14.998361 msg: GET /check?id=5&token=4bf6affb4a6f5472f477bf1f887ad6e2
INFO: 2015-10-14 20:44:15.028328 msg: valid cookie
INFO: 2015-10-14 20:45:08.953878 msg: GET /check?id=5&token=4bf6affb4a6f5472f477bf1f887ad6e2
INFO: 2015-10-14 20:45:08.995968 msg: valid cookie
INFO: 2015-10-14 20:45:49.979822 msg: GET /check?id=5&token=4bf6affb4a6f5472f477bf1f887ad6e2
INFO: 2015-10-14 20:45:50.014981 msg: valid cookie
INFO: 2015-10-14 20:45:59.187700 msg: GET /check?id=5&token=4bf6affb4a6f5472f477bf1f887ad6e2
INFO: 2015-10-14 20:45:59.233611 msg: valid cookie
INFO: 2015-10-14 20:46:07.193026 msg: GET /check?id=5&token=4bf6affb4a6f5472f477bf1f887ad6e2
INFO: 2015-10-14 20:46:07.232280 msg: valid cookie
INFO: 2015-10-14 20:46:56.248871 msg: GET /check?id=5&token=4bf6affb4a6f5472f477bf1f887ad6e2
INFO: 2015-10-14 20:46:56.281817 msg: valid cookie
INFO: 2015-10-14 20:47:43.045952 msg: GET /check?id=5&token=4bf6affb4a6f5472f477bf1f887ad6e2
INFO: 2015-10-14 20:47:43.095387 msg: valid cookie
INFO: 2015-10-14 20:48:15.982834 msg: GET /check?id=5&token=4bf6affb4a6f5472f477bf1f887ad6e2
INFO: 2015-10-14 20:48:16.025584 msg: valid cookie
INFO: 2015-10-14 20:48:37.591974 msg: GET /check?id=5&token=4bf6affb4a6f5472f477bf1f887ad6e2
INFO: 2015-10-14 20:48:37.628980 msg: valid cookie
INFO: 2015-10-14 20:51:18.728322 msg: GET /check?id=5&token=4bf6affb4a6f5472f477bf1f887ad6e2
INFO: 2015-10-14 20:51:18.761314 msg: valid cookie
INFO: 2015-10-14 20:52:22.640194 msg: GET /check?id=5&token=4bf6affb4a6f5472f477bf1f887ad6e2
INFO: 2015-10-14 20:52:22.676442 msg: valid cookie
INFO: 2015-10-14 20:52:46.215796 msg: GET /check?id=5&token=4bf6affb4a6f5472f477bf1f887ad6e2
INFO: 2015-10-14 20:52:46.254332 msg: valid cookie
INFO: 2015-10-14 20:53:46.891932 msg: GET /check?id=5&token=4bf6affb4a6f5472f477bf1f887ad6e2
INFO: 2015-10-14 20:53:46.945916 msg: valid cookie
INFO: 2015-10-14 20:54:11.960368 msg: GET /check?id=5&token=4bf6affb4a6f5472f477bf1f887ad6e2
INFO: 2015-10-14 20:54:11.999129 msg: valid cookie
INFO: 2015-10-14 20:55:01.604896 msg: GET /check?id=5&token=4bf6affb4a6f5472f477bf1f887ad6e2
INFO: 2015-10-14 20:55:01.648622 msg: valid cookie
INFO: 2015-10-14 20:58:36.607157 msg: GET /check?id=5&token=4bf6affb4a6f5472f477bf1f887ad6e2
INFO: 2015-10-14 20:58:36.639832 msg: valid cookie
INFO: 2015-10-14 20:59:02.057443 msg: GET /check?id=5&token=4bf6affb4a6f5472f477bf1f887ad6e2
INFO: 2015-10-14 20:59:02.089281 msg: valid cookie
INFO: 2015-10-14 20:59:16.368689 msg: GET /check?id=5&token=4bf6affb4a6f5472f477bf1f887ad6e2
INFO: 2015-10-14 20:59:16.405466 msg: valid cookie
INFO: 2015-10-14 20:59:28.755437 msg: GET /check?id=5&token=4bf6affb4a6f5472f477bf1f887ad6e2
INFO: 2015-10-14 20:59:28.797247 msg: valid cookie
INFO: 2015-10-14 21:00:45.354176 msg: GET /check?id=5&token=4bf6affb4a6f5472f477bf1f887ad6e2
INFO: 2015-10-14 21:00:45.395478 msg: valid cookie
INFO: 2015-10-14 21:01:41.926826 msg: GET /check?id=5&token=4bf6affb4a6f5472f477bf1f887ad6e2
INFO: 2015-10-14 21:01:41.980801 msg: valid cookie
INFO: 2015-10-14 21:01:58.414509 msg: GET /check?id=5&token=4bf6affb4a6f5472f477bf1f887ad6e2
INFO: 2015-10-14 21:01:58.451084 msg: valid cookie
INFO: 2015-10-14 21:02:59.368072 msg: GET /check?id=5&token=4bf6affb4a6f5472f477bf1f887ad6e2
INFO: 2015-10-14 21:02:59.420737 msg: valid cookie
INFO: 2015-10-14 21:04:19.427040 msg: GET /check?id=5&token=4bf6affb4a6f5472f477bf1f887ad6e2
INFO: 2015-10-14 21:04:19.467254 msg: valid cookie
INFO: 2015-10-14 21:05:38.618186 msg: GET /check?id=5&token=4bf6affb4a6f5472f477bf1f887ad6e2
INFO: 2015-10-14 21:05:38.664111 msg: valid cookie
INFO: 2015-10-14 21:05:57.884549 msg: GET /check?id=5&token=4bf6affb4a6f5472f477bf1f887ad6e2
INFO: 2015-10-14 21:05:57.936209 msg: valid cookie
INFO: 2015-10-14 21:06:23.906793 msg: GET /check?id=5&token=4bf6affb4a6f5472f477bf1f887ad6e2
INFO: 2015-10-14 21:06:23.940575 msg: valid cookie
INFO: 2015-10-14 21:06:27.607505 msg: GET /check?id=5&token=4bf6affb4a6f5472f477bf1f887ad6e2
INFO: 2015-10-14 21:06:27.668312 msg: valid cookie
INFO: 2015-10-14 21:06:30.495519 msg: GET /check?id=5&token=4bf6affb4a6f5472f477bf1f887ad6e2
INFO: 2015-10-14 21:06:30.535120 msg: valid cookie
INFO: 2015-10-14 21:07:07.849823 msg: GET /check?id=5&token=4bf6affb4a6f5472f477bf1f887ad6e2
INFO: 2015-10-14 21:07:07.900893 msg: valid cookie
INFO: 2015-10-14 21:10:36.987388 msg: GET /check?id=5&token=4bf6affb4a6f5472f477bf1f887ad6e2
INFO: 2015-10-14 21:10:37.024869 msg: valid cookie
INFO: 2015-10-14 21:10:38.440427 msg: GET /check?id=5&token=4bf6affb4a6f5472f477bf1f887ad6e2
INFO: 2015-10-14 21:10:38.478148 msg: valid cookie
INFO: 2015-10-14 21:10:45.281869 msg: GET /check?id=5&token=4bf6affb4a6f5472f477bf1f887ad6e2
INFO: 2015-10-14 21:10:45.334959 msg: valid cookie
INFO: 2015-10-14 21:11:12.853858 msg: GET /check?id=5&token=4bf6affb4a6f5472f477bf1f887ad6e2
INFO: 2015-10-14 21:11:12.888430 msg: valid cookie
INFO: 2015-10-14 21:11:23.850410 msg: GET /check?id=5&token=4bf6affb4a6f5472f477bf1f887ad6e2
INFO: 2015-10-14 21:11:23.893521 msg: valid cookie
INFO: 2015-10-14 21:12:03.846521 msg: GET /check?id=5&token=4bf6affb4a6f5472f477bf1f887ad6e2
INFO: 2015-10-14 21:12:03.883319 msg: valid cookie
INFO: 2015-10-15 19:45:21.597655 msg: GET /check?id=5&token=4bf6affb4a6f5472f477bf1f887ad6e2
INFO: 2015-10-15 19:45:21.625168 msg: invalid cookie
INFO: 2015-10-15 19:45:21.669116 msg: GET /check?id=5&token=4bf6affb4a6f5472f477bf1f887ad6e2
INFO: 2015-10-15 19:45:21.696749 msg: invalid cookie
INFO: 2015-10-15 19:45:29.268518 msg: GET /check?id=5&token=4bf6affb4a6f5472f477bf1f887ad6e2
INFO: 2015-10-15 19:45:29.303603 msg: invalid cookie
INFO: 2015-10-15 19:45:29.327604 msg: POST /login
INFO: 2015-10-15 19:45:29.327833 msg: login request
INFO: 2015-10-15 19:45:29.327959 msg: email: user@user.com
ERROR: 2015-10-15 19:45:29.360476 msg: login failed
INFO: 2015-10-15 19:45:32.716930 msg: GET /check?id=5&token=4bf6affb4a6f5472f477bf1f887ad6e2
INFO: 2015-10-15 19:45:32.744205 msg: invalid cookie
INFO: 2015-10-15 19:45:32.765703 msg: POST /login
INFO: 2015-10-15 19:45:32.765970 msg: login request
INFO: 2015-10-15 19:45:32.766056 msg: email: user@user.com
ERROR: 2015-10-15 19:45:32.792300 msg: login failed
INFO: 2015-10-15 19:45:33.859122 msg: GET /check?id=5&token=4bf6affb4a6f5472f477bf1f887ad6e2
INFO: 2015-10-15 19:45:33.889778 msg: invalid cookie
INFO: 2015-10-15 19:45:38.674373 msg: GET /check?id=5&token=4bf6affb4a6f5472f477bf1f887ad6e2
INFO: 2015-10-15 19:45:38.706996 msg: invalid cookie
INFO: 2015-10-15 19:45:38.730760 msg: POST /login
INFO: 2015-10-15 19:45:38.731157 msg: login request
INFO: 2015-10-15 19:45:38.731259 msg: email: user@user.com
INFO: 2015-10-15 19:45:38.762407 msg: 6
INFO: 2015-10-15 19:45:38.762581 msg: login successful: 
INFO: 2015-10-15 19:45:38.762657 msg: id: 3
INFO: 2015-10-15 19:45:38.762786 msg: token: 6dc9967e28c691ac47eb8a2d6e8ba7f0
INFO: 2015-10-15 19:45:38.807962 msg: GET /check?id=6&token=6dc9967e28c691ac47eb8a2d6e8ba7f0
INFO: 2015-10-15 19:45:38.849880 msg: valid cookie
INFO: 2015-10-15 19:45:40.360256 msg: GET /check?id=6&token=6dc9967e28c691ac47eb8a2d6e8ba7f0
INFO: 2015-10-15 19:45:40.396489 msg: valid cookie
INFO: 2015-10-15 19:46:13.312595 msg: GET /check?id=6&token=6dc9967e28c691ac47eb8a2d6e8ba7f0
INFO: 2015-10-15 19:46:13.386621 msg: valid cookie
INFO: 2015-10-15 19:46:31.467423 msg: GET /check?id=6&token=6dc9967e28c691ac47eb8a2d6e8ba7f0
INFO: 2015-10-15 19:46:31.507839 msg: valid cookie
INFO: 2015-10-16 20:32:38.272003 msg: GET /check?id=6&token=6dc9967e28c691ac47eb8a2d6e8ba7f0
INFO: 2015-10-16 20:32:38.300479 msg: invalid cookie
INFO: 2015-10-16 20:32:38.361562 msg: GET /check?id=6&token=6dc9967e28c691ac47eb8a2d6e8ba7f0
INFO: 2015-10-16 20:32:38.389414 msg: invalid cookie
INFO: 2015-10-16 20:32:44.878219 msg: GET /check?id=6&token=6dc9967e28c691ac47eb8a2d6e8ba7f0
INFO: 2015-10-16 20:32:44.911483 msg: invalid cookie
INFO: 2015-10-16 20:32:44.939372 msg: POST /login
INFO: 2015-10-16 20:32:44.939872 msg: login request
INFO: 2015-10-16 20:32:44.939960 msg: email: user@user.com
INFO: 2015-10-16 20:32:44.977024 msg: 7
INFO: 2015-10-16 20:32:44.977024 msg: login successful: 
INFO: 2015-10-16 20:32:44.977040 msg: id: 3
INFO: 2015-10-16 20:32:44.977129 msg: token: 95573633e290ffdd273f1c6c1c59d6db
INFO: 2015-10-16 20:32:45.022054 msg: GET /check?id=7&token=95573633e290ffdd273f1c6c1c59d6db
INFO: 2015-10-16 20:32:45.056830 msg: valid cookie
INFO: 2015-10-16 20:32:46.650149 msg: GET /check?id=7&token=95573633e290ffdd273f1c6c1c59d6db
INFO: 2015-10-16 20:32:46.686635 msg: valid cookie
INFO: 2015-10-16 20:32:52.018042 msg: GET /check?id=7&token=95573633e290ffdd273f1c6c1c59d6db
INFO: 2015-10-16 20:32:52.052363 msg: valid cookie
INFO: 2015-10-16 20:33:28.181908 msg: GET /check?id=7&token=95573633e290ffdd273f1c6c1c59d6db
INFO: 2015-10-16 20:33:28.242105 msg: valid cookie
INFO: 2015-10-16 20:34:55.872073 msg: GET /check?id=7&token=95573633e290ffdd273f1c6c1c59d6db
INFO: 2015-10-16 20:34:55.919461 msg: valid cookie
INFO: 2015-10-16 20:41:17.994368 msg: GET /check?id=7&token=95573633e290ffdd273f1c6c1c59d6db
INFO: 2015-10-16 20:41:18.029342 msg: valid cookie
INFO: 2015-10-16 20:41:18.053057 msg: GET /me?userId=3
INFO: 2015-10-16 20:41:18.080028 msg: user emailuser@user.com
INFO: 2015-10-16 20:42:02.241717 msg: GET /check?id=7&token=95573633e290ffdd273f1c6c1c59d6db
INFO: 2015-10-16 20:42:02.280271 msg: valid cookie
INFO: 2015-10-16 20:42:02.313907 msg: GET /me?userId=3
INFO: 2015-10-16 20:42:02.347343 msg: user emailuser@user.com
INFO: 2015-10-16 20:43:03.792416 msg: GET /check?id=7&token=95573633e290ffdd273f1c6c1c59d6db
INFO: 2015-10-16 20:43:03.837850 msg: valid cookie
INFO: 2015-10-16 20:43:03.870970 msg: GET /me?userId=3
INFO: 2015-10-16 20:43:03.902441 msg: user emailuser@user.com
INFO: 2015-10-16 20:43:31.712272 msg: GET /check?id=7&token=95573633e290ffdd273f1c6c1c59d6db
INFO: 2015-10-16 20:43:31.752964 msg: valid cookie
INFO: 2015-10-16 20:43:33.539965 msg: GET /check?id=7&token=95573633e290ffdd273f1c6c1c59d6db
INFO: 2015-10-16 20:43:33.571240 msg: valid cookie
INFO: 2015-10-16 20:43:44.443128 msg: GET /check?id=7&token=95573633e290ffdd273f1c6c1c59d6db
INFO: 2015-10-16 20:43:44.481210 msg: valid cookie
INFO: 2015-10-16 20:43:44.538691 msg: GET /me?userId=3
INFO: 2015-10-16 20:43:44.574158 msg: user emailuser@user.com
INFO: 2015-10-16 20:44:35.459467 msg: GET /check?id=7&token=95573633e290ffdd273f1c6c1c59d6db
INFO: 2015-10-16 20:44:35.496603 msg: valid cookie
INFO: 2015-10-16 20:44:35.532279 msg: GET /me?userId=3
INFO: 2015-10-16 20:44:35.564298 msg: user emailuser@user.com
INFO: 2015-10-16 20:45:02.364472 msg: GET /check?id=7&token=95573633e290ffdd273f1c6c1c59d6db
INFO: 2015-10-16 20:45:02.407427 msg: valid cookie
INFO: 2015-10-16 20:45:02.444687 msg: GET /me?userId=3
INFO: 2015-10-16 20:45:02.473522 msg: user emailuser@user.com
INFO: 2015-10-16 20:51:02.524050 msg: GET /check?id=7&token=95573633e290ffdd273f1c6c1c59d6db
INFO: 2015-10-16 20:51:02.581300 msg: valid cookie
INFO: 2015-10-16 20:51:02.621675 msg: GET /me?userId=3
INFO: 2015-10-16 20:51:02.655255 msg: user emailuser@user.com
INFO: 2015-10-16 20:52:33.502150 msg: GET /check?id=7&token=95573633e290ffdd273f1c6c1c59d6db
INFO: 2015-10-16 20:52:33.540580 msg: valid cookie
INFO: 2015-10-16 20:52:33.580235 msg: GET /me?userId=3
INFO: 2015-10-16 20:52:33.610717 msg: user emailuser@user.com
INFO: 2015-10-16 20:54:33.283069 msg: GET /check?id=7&token=95573633e290ffdd273f1c6c1c59d6db
INFO: 2015-10-16 20:54:33.370260 msg: valid cookie
INFO: 2015-10-16 20:54:33.453869 msg: GET /me?userId=3
INFO: 2015-10-16 20:54:33.489351 msg: user emailuser@user.com
INFO: 2015-10-16 20:54:44.485731 msg: GET /check?id=7&token=95573633e290ffdd273f1c6c1c59d6db
INFO: 2015-10-16 20:54:44.530655 msg: valid cookie
INFO: 2015-10-16 20:54:44.592760 msg: GET /me?userId=3
INFO: 2015-10-16 20:54:44.635347 msg: user emailuser@user.com
INFO: 2015-10-16 20:55:14.206741 msg: GET /check?id=7&token=95573633e290ffdd273f1c6c1c59d6db
INFO: 2015-10-16 20:55:14.255756 msg: valid cookie
INFO: 2015-10-16 20:55:14.301501 msg: GET /me?userId=3
INFO: 2015-10-16 20:55:14.330207 msg: user emailuser@user.com
INFO: 2015-10-16 20:55:26.723097 msg: GET /check?id=7&token=95573633e290ffdd273f1c6c1c59d6db
INFO: 2015-10-16 20:55:26.781886 msg: valid cookie
INFO: 2015-10-16 20:56:01.115766 msg: GET /check?id=7&token=95573633e290ffdd273f1c6c1c59d6db
INFO: 2015-10-16 20:56:01.153464 msg: valid cookie
INFO: 2015-10-16 20:58:39.073243 msg: GET /check?id=7&token=95573633e290ffdd273f1c6c1c59d6db
INFO: 2015-10-16 20:58:39.115252 msg: valid cookie
INFO: 2015-10-16 21:12:46.065000 msg: GET /check?id=7&token=95573633e290ffdd273f1c6c1c59d6db
INFO: 2015-10-16 21:12:46.121541 msg: valid cookie
INFO: 2015-10-16 21:12:46.160515 msg: GET /me?userId=3
INFO: 2015-10-16 21:12:46.199912 msg: user emailuser@user.com
INFO: 2015-10-16 21:12:46.440848 msg: GET /check?id=7&token=95573633e290ffdd273f1c6c1c59d6db
INFO: 2015-10-16 21:12:46.492388 msg: valid cookie
INFO: 2015-10-16 21:12:55.741413 msg: GET /check?id=7&token=95573633e290ffdd273f1c6c1c59d6db
INFO: 2015-10-16 21:12:55.781666 msg: valid cookie
INFO: 2015-10-16 21:13:20.786961 msg: GET /check?id=7&token=95573633e290ffdd273f1c6c1c59d6db
INFO: 2015-10-16 21:13:20.829735 msg: valid cookie
INFO: 2015-10-16 21:13:31.774944 msg: GET /check?id=7&token=95573633e290ffdd273f1c6c1c59d6db
INFO: 2015-10-16 21:13:31.814770 msg: valid cookie
INFO: 2015-10-16 21:14:19.554193 msg: GET /check?id=7&token=95573633e290ffdd273f1c6c1c59d6db
INFO: 2015-10-16 21:14:19.595237 msg: valid cookie
INFO: 2015-10-16 21:14:19.638928 msg: GET /me?userId=3
INFO: 2015-10-16 21:14:19.671126 msg: user emailuser@user.com
INFO: 2015-10-16 21:14:20.006772 msg: GET /check?id=7&token=95573633e290ffdd273f1c6c1c59d6db
INFO: 2015-10-16 21:14:20.043224 msg: valid cookie
INFO: 2015-10-16 21:17:20.498112 msg: GET /check?id=7&token=95573633e290ffdd273f1c6c1c59d6db
INFO: 2015-10-16 21:17:20.548838 msg: valid cookie
INFO: 2015-10-16 21:18:38.802197 msg: GET /check?id=7&token=95573633e290ffdd273f1c6c1c59d6db
INFO: 2015-10-16 21:18:38.842376 msg: valid cookie
INFO: 2015-10-16 21:18:48.904629 msg: GET /check?id=7&token=95573633e290ffdd273f1c6c1c59d6db
INFO: 2015-10-16 21:18:48.948357 msg: valid cookie
INFO: 2015-10-16 21:18:50.825306 msg: GET /check?id=7&token=95573633e290ffdd273f1c6c1c59d6db
INFO: 2015-10-16 21:18:50.868430 msg: valid cookie
INFO: 2015-10-16 21:20:09.969327 msg: GET /check?id=7&token=95573633e290ffdd273f1c6c1c59d6db
INFO: 2015-10-16 21:20:10.008807 msg: valid cookie
INFO: 2015-10-16 21:20:25.540078 msg: GET /check?id=7&token=95573633e290ffdd273f1c6c1c59d6db
INFO: 2015-10-16 21:20:25.583366 msg: valid cookie
INFO: 2015-10-16 21:20:40.952955 msg: GET /check?id=7&token=95573633e290ffdd273f1c6c1c59d6db
INFO: 2015-10-16 21:20:41.033054 msg: valid cookie
INFO: 2015-10-16 21:20:41.074877 msg: GET /me?userId=3
INFO: 2015-10-16 21:20:41.107109 msg: user emailuser@user.com
INFO: 2015-10-16 21:20:41.368324 msg: GET /check?id=7&token=95573633e290ffdd273f1c6c1c59d6db
INFO: 2015-10-16 21:20:41.427337 msg: valid cookie
INFO: 2015-10-16 21:20:43.276301 msg: GET /check?id=7&token=95573633e290ffdd273f1c6c1c59d6db
INFO: 2015-10-16 21:20:43.318800 msg: valid cookie
INFO: 2015-10-16 21:20:57.886267 msg: GET /check?id=7&token=95573633e290ffdd273f1c6c1c59d6db
INFO: 2015-10-16 21:20:57.937086 msg: valid cookie
INFO: 2015-10-16 21:30:49.021651 msg: GET /check?id=7&token=95573633e290ffdd273f1c6c1c59d6db
INFO: 2015-10-16 21:30:49.060764 msg: valid cookie
INFO: 2015-10-16 21:30:51.258697 msg: GET /check?id=7&token=95573633e290ffdd273f1c6c1c59d6db
INFO: 2015-10-16 21:30:51.305814 msg: valid cookie
INFO: 2015-10-16 21:31:46.592756 msg: GET /check?id=7&token=95573633e290ffdd273f1c6c1c59d6db
INFO: 2015-10-16 21:31:46.655301 msg: valid cookie
INFO: 2015-10-16 21:32:07.563663 msg: GET /check?id=7&token=95573633e290ffdd273f1c6c1c59d6db
INFO: 2015-10-16 21:32:07.610208 msg: valid cookie
INFO: 2015-10-16 21:32:48.553965 msg: GET /check?id=7&token=95573633e290ffdd273f1c6c1c59d6db
INFO: 2015-10-16 21:32:48.599535 msg: valid cookie
INFO: 2015-10-16 21:32:58.007348 msg: GET /check?id=7&token=95573633e290ffdd273f1c6c1c59d6db
INFO: 2015-10-16 21:32:58.061294 msg: valid cookie
INFO: 2015-10-16 21:35:20.384255 msg: GET /check?id=7&token=95573633e290ffdd273f1c6c1c59d6db
INFO: 2015-10-16 21:35:20.434490 msg: valid cookie
INFO: 2015-10-16 21:36:14.893376 msg: GET /check?id=7&token=95573633e290ffdd273f1c6c1c59d6db
INFO: 2015-10-16 21:36:14.950966 msg: valid cookie
INFO: 2015-10-16 21:36:50.120365 msg: GET /check?id=7&token=95573633e290ffdd273f1c6c1c59d6db
INFO: 2015-10-16 21:36:50.167862 msg: valid cookie
INFO: 2015-10-16 21:37:15.495892 msg: GET /check?id=7&token=95573633e290ffdd273f1c6c1c59d6db
INFO: 2015-10-16 21:37:15.557333 msg: valid cookie
INFO: 2015-10-16 21:37:22.105996 msg: GET /check?id=7&token=95573633e290ffdd273f1c6c1c59d6db
INFO: 2015-10-16 21:37:22.156477 msg: valid cookie
INFO: 2015-10-16 21:37:25.731983 msg: GET /check?id=7&token=95573633e290ffdd273f1c6c1c59d6db
INFO: 2015-10-16 21:37:25.776331 msg: valid cookie
INFO: 2015-10-16 21:37:28.743478 msg: GET /check?id=7&token=95573633e290ffdd273f1c6c1c59d6db
INFO: 2015-10-16 21:37:28.788492 msg: valid cookie
INFO: 2015-10-17 12:23:08.151487 msg: GET /check?id=7&token=95573633e290ffdd273f1c6c1c59d6db
INFO: 2015-10-17 12:23:08.191816 msg: invalid cookie
INFO: 2015-10-17 12:23:08.341822 msg: GET /check?id=7&token=95573633e290ffdd273f1c6c1c59d6db
INFO: 2015-10-17 12:23:08.391523 msg: invalid cookie
INFO: 2015-10-17 12:23:14.130200 msg: GET /check?id=7&token=95573633e290ffdd273f1c6c1c59d6db
INFO: 2015-10-17 12:23:14.171196 msg: invalid cookie
INFO: 2015-10-17 12:23:14.220073 msg: POST /login
INFO: 2015-10-17 12:23:14.220305 msg: login request
INFO: 2015-10-17 12:23:14.220382 msg: email: user@user.com
INFO: 2015-10-17 12:23:14.262427 msg: 8
INFO: 2015-10-17 12:23:14.262550 msg: login successful: 
INFO: 2015-10-17 12:23:14.262636 msg: id: 3
INFO: 2015-10-17 12:23:14.262712 msg: token: 439802f8270f900ecabdf4b5f493f41d
INFO: 2015-10-17 12:23:14.373143 msg: GET /check?id=8&token=439802f8270f900ecabdf4b5f493f41d
INFO: 2015-10-17 12:23:14.420089 msg: valid cookie
INFO: 2015-10-17 12:23:15.891018 msg: GET /check?id=8&token=439802f8270f900ecabdf4b5f493f41d
INFO: 2015-10-17 12:23:15.934362 msg: valid cookie
INFO: 2015-10-17 12:23:18.528876 msg: GET /check?id=8&token=439802f8270f900ecabdf4b5f493f41d
INFO: 2015-10-17 12:23:18.572921 msg: valid cookie
INFO: 2015-10-17 12:24:00.470627 msg: GET /check?id=8&token=439802f8270f900ecabdf4b5f493f41d
INFO: 2015-10-17 12:24:00.510147 msg: valid cookie
INFO: 2015-10-17 12:24:42.266291 msg: GET /check?id=8&token=439802f8270f900ecabdf4b5f493f41d
INFO: 2015-10-17 12:24:42.318448 msg: valid cookie
INFO: 2015-10-17 12:25:11.516614 msg: GET /check?id=8&token=439802f8270f900ecabdf4b5f493f41d
INFO: 2015-10-17 12:25:11.578369 msg: valid cookie
INFO: 2015-10-17 12:25:16.938561 msg: GET /check?id=8&token=439802f8270f900ecabdf4b5f493f41d
INFO: 2015-10-17 12:25:16.998460 msg: valid cookie
INFO: 2015-10-17 12:25:20.634659 msg: GET /check?id=8&token=439802f8270f900ecabdf4b5f493f41d
INFO: 2015-10-17 12:25:20.670472 msg: valid cookie
INFO: 2015-10-17 12:25:21.916309 msg: GET /check?id=8&token=439802f8270f900ecabdf4b5f493f41d
INFO: 2015-10-17 12:25:21.992400 msg: valid cookie
INFO: 2015-10-17 12:31:28.725406 msg: GET /check?id=8&token=439802f8270f900ecabdf4b5f493f41d
INFO: 2015-10-17 12:31:28.764956 msg: valid cookie
INFO: 2015-10-17 12:32:08.555029 msg: GET /check?id=8&token=439802f8270f900ecabdf4b5f493f41d
INFO: 2015-10-17 12:32:08.601470 msg: valid cookie
INFO: 2015-10-17 12:32:58.061003 msg: GET /check?id=8&token=439802f8270f900ecabdf4b5f493f41d
INFO: 2015-10-17 12:32:58.121190 msg: valid cookie
INFO: 2015-10-17 12:33:44.062425 msg: GET /check?id=8&token=439802f8270f900ecabdf4b5f493f41d
INFO: 2015-10-17 12:33:44.114975 msg: valid cookie
INFO: 2015-10-17 12:34:19.409450 msg: GET /check?id=8&token=439802f8270f900ecabdf4b5f493f41d
INFO: 2015-10-17 12:34:19.451429 msg: valid cookie
INFO: 2015-10-17 12:34:20.750704 msg: GET /check?id=8&token=439802f8270f900ecabdf4b5f493f41d
INFO: 2015-10-17 12:34:20.805711 msg: valid cookie
INFO: 2015-10-17 12:34:56.482255 msg: GET /check?id=8&token=439802f8270f900ecabdf4b5f493f41d
INFO: 2015-10-17 12:34:56.526272 msg: valid cookie
INFO: 2015-10-17 12:34:58.119875 msg: GET /check?id=8&token=439802f8270f900ecabdf4b5f493f41d
INFO: 2015-10-17 12:34:58.178104 msg: valid cookie
INFO: 2015-10-17 12:35:11.362341 msg: GET /check?id=8&token=439802f8270f900ecabdf4b5f493f41d
INFO: 2015-10-17 12:35:11.413171 msg: valid cookie
INFO: 2015-10-17 12:35:13.156719 msg: GET /check?id=8&token=439802f8270f900ecabdf4b5f493f41d
INFO: 2015-10-17 12:35:13.208012 msg: valid cookie
INFO: 2015-10-17 12:40:32.843369 msg: GET /check?id=8&token=439802f8270f900ecabdf4b5f493f41d
INFO: 2015-10-17 12:40:32.960288 msg: valid cookie
INFO: 2015-10-17 12:41:53.753018 msg: GET /check?id=8&token=439802f8270f900ecabdf4b5f493f41d
INFO: 2015-10-17 12:41:53.803430 msg: valid cookie
INFO: 2015-10-17 12:42:03.831998 msg: GET /check?id=8&token=439802f8270f900ecabdf4b5f493f41d
INFO: 2015-10-17 12:42:03.884401 msg: valid cookie
INFO: 2015-10-17 12:42:14.857230 msg: GET /check?id=8&token=439802f8270f900ecabdf4b5f493f41d
INFO: 2015-10-17 12:42:14.907038 msg: valid cookie
INFO: 2015-10-17 12:42:33.327161 msg: GET /check?id=8&token=439802f8270f900ecabdf4b5f493f41d
INFO: 2015-10-17 12:42:33.372739 msg: valid cookie
INFO: 2015-10-17 12:43:36.843586 msg: GET /check?id=8&token=439802f8270f900ecabdf4b5f493f41d
INFO: 2015-10-17 12:43:36.888148 msg: valid cookie
INFO: 2015-10-17 12:43:38.310050 msg: GET /check?id=8&token=439802f8270f900ecabdf4b5f493f41d
INFO: 2015-10-17 12:43:38.351655 msg: valid cookie
INFO: 2015-10-17 12:44:13.210216 msg: GET /check?id=8&token=439802f8270f900ecabdf4b5f493f41d
INFO: 2015-10-17 12:44:13.250167 msg: valid cookie
INFO: 2015-10-17 12:44:21.866274 msg: GET /check?id=8&token=439802f8270f900ecabdf4b5f493f41d
INFO: 2015-10-17 12:44:21.916780 msg: valid cookie
INFO: 2015-10-17 12:46:03.638141 msg: GET /check?id=8&token=439802f8270f900ecabdf4b5f493f41d
INFO: 2015-10-17 12:46:03.695118 msg: valid cookie
INFO: 2015-10-17 12:46:05.029714 msg: GET /check?id=8&token=439802f8270f900ecabdf4b5f493f41d
INFO: 2015-10-17 12:46:05.071767 msg: valid cookie
INFO: 2015-10-17 12:46:21.660911 msg: GET /check?id=8&token=439802f8270f900ecabdf4b5f493f41d
INFO: 2015-10-17 12:46:21.701992 msg: valid cookie
INFO: 2015-10-17 13:03:04.177872 msg: GET /check?id=8&token=439802f8270f900ecabdf4b5f493f41d
INFO: 2015-10-17 13:03:04.229469 msg: valid cookie
INFO: 2015-10-17 13:09:57.019040 msg: GET /check?id=8&token=439802f8270f900ecabdf4b5f493f41d
INFO: 2015-10-17 13:09:57.136058 msg: valid cookie
INFO: 2015-10-17 13:09:59.048690 msg: GET /check?id=8&token=439802f8270f900ecabdf4b5f493f41d
INFO: 2015-10-17 13:09:59.117735 msg: valid cookie
INFO: 2015-10-17 13:10:13.242849 msg: GET /check?id=8&token=439802f8270f900ecabdf4b5f493f41d
INFO: 2015-10-17 13:10:13.279141 msg: valid cookie
INFO: 2015-10-17 13:10:13.350553 msg: GET /me?userId=3
INFO: 2015-10-17 13:10:13.399513 msg: user emailuser@user.com
INFO: 2015-10-17 13:10:13.918801 msg: GET /check?id=8&token=439802f8270f900ecabdf4b5f493f41d
INFO: 2015-10-17 13:10:13.971217 msg: valid cookie
INFO: 2015-10-17 13:10:16.589598 msg: GET /check?id=8&token=439802f8270f900ecabdf4b5f493f41d
INFO: 2015-10-17 13:10:16.635912 msg: valid cookie
INFO: 2015-10-17 13:10:19.887801 msg: GET /check?id=8&token=439802f8270f900ecabdf4b5f493f41d
INFO: 2015-10-17 13:10:19.941234 msg: valid cookie
INFO: 2015-10-17 13:10:30.726470 msg: GET /check?id=8&token=439802f8270f900ecabdf4b5f493f41d
INFO: 2015-10-17 13:10:30.780691 msg: valid cookie
INFO: 2015-10-17 13:10:32.531591 msg: GET /check?id=8&token=439802f8270f900ecabdf4b5f493f41d
INFO: 2015-10-17 13:10:32.585130 msg: valid cookie
INFO: 2015-10-17 13:10:38.427164 msg: GET /check?id=8&token=439802f8270f900ecabdf4b5f493f41d
INFO: 2015-10-17 13:10:38.487827 msg: valid cookie
INFO: 2015-10-17 13:11:34.739940 msg: GET /check?id=8&token=439802f8270f900ecabdf4b5f493f41d
INFO: 2015-10-17 13:11:34.776014 msg: valid cookie
INFO: 2015-10-17 13:11:45.782254 msg: GET /check?id=8&token=439802f8270f900ecabdf4b5f493f41d
INFO: 2015-10-17 13:11:45.840022 msg: valid cookie
INFO: 2015-10-17 13:12:02.674832 msg: GET /check?id=8&token=439802f8270f900ecabdf4b5f493f41d
INFO: 2015-10-17 13:12:02.838763 msg: valid cookie
INFO: 2015-10-17 13:12:18.316406 msg: GET /check?id=8&token=439802f8270f900ecabdf4b5f493f41d
INFO: 2015-10-17 13:12:18.354018 msg: valid cookie
INFO: 2015-10-17 13:12:24.325401 msg: GET /check?id=8&token=439802f8270f900ecabdf4b5f493f41d
INFO: 2015-10-17 13:12:24.402063 msg: valid cookie
INFO: 2015-10-17 13:12:33.836906 msg: GET /check?id=8&token=439802f8270f900ecabdf4b5f493f41d
INFO: 2015-10-17 13:12:33.899823 msg: valid cookie
INFO: 2015-10-17 13:12:35.648671 msg: GET /check?id=8&token=439802f8270f900ecabdf4b5f493f41d
INFO: 2015-10-17 13:12:35.692568 msg: valid cookie
INFO: 2015-10-17 13:13:19.306349 msg: GET /check?id=8&token=439802f8270f900ecabdf4b5f493f41d
INFO: 2015-10-17 13:13:19.351917 msg: valid cookie
INFO: 2015-10-17 13:14:36.552478 msg: GET /check?id=8&token=439802f8270f900ecabdf4b5f493f41d
INFO: 2015-10-17 13:14:36.597516 msg: valid cookie
INFO: 2015-10-17 13:15:51.099111 msg: GET /check?id=8&token=439802f8270f900ecabdf4b5f493f41d
INFO: 2015-10-17 13:15:51.156962 msg: valid cookie
INFO: 2015-10-17 13:16:03.139697 msg: GET /check?id=8&token=439802f8270f900ecabdf4b5f493f41d
INFO: 2015-10-17 13:16:03.206109 msg: valid cookie
INFO: 2015-10-17 13:22:21.618349 msg: GET /check?id=8&token=439802f8270f900ecabdf4b5f493f41d
INFO: 2015-10-17 13:22:21.678351 msg: valid cookie
INFO: 2015-10-17 13:22:28.216937 msg: GET /check?id=8&token=439802f8270f900ecabdf4b5f493f41d
INFO: 2015-10-17 13:22:28.267354 msg: valid cookie
INFO: 2015-10-17 13:22:35.850243 msg: GET /check?id=8&token=439802f8270f900ecabdf4b5f493f41d
INFO: 2015-10-17 13:22:35.886401 msg: valid cookie
INFO: 2015-10-17 13:22:35.951711 msg: GET /me?userId=3
INFO: 2015-10-17 13:22:36.006747 msg: user emailuser@user.com
INFO: 2015-10-17 13:22:36.480114 msg: GET /check?id=8&token=439802f8270f900ecabdf4b5f493f41d
INFO: 2015-10-17 13:22:36.518084 msg: valid cookie
INFO: 2015-10-17 13:22:38.726517 msg: GET /check?id=8&token=439802f8270f900ecabdf4b5f493f41d
INFO: 2015-10-17 13:22:38.801848 msg: valid cookie
INFO: 2015-10-17 13:22:40.173084 msg: GET /check?id=8&token=439802f8270f900ecabdf4b5f493f41d
INFO: 2015-10-17 13:22:40.227174 msg: valid cookie
INFO: 2015-10-17 13:22:42.124180 msg: GET /check?id=8&token=439802f8270f900ecabdf4b5f493f41d
INFO: 2015-10-17 13:22:42.189807 msg: valid cookie
INFO: 2015-10-17 13:22:45.241062 msg: GET /check?id=8&token=439802f8270f900ecabdf4b5f493f41d
INFO: 2015-10-17 13:22:45.288586 msg: valid cookie
INFO: 2015-10-17 13:23:02.685115 msg: GET /check?id=8&token=439802f8270f900ecabdf4b5f493f41d
INFO: 2015-10-17 13:23:02.742297 msg: valid cookie
INFO: 2015-10-17 13:24:54.513218 msg: GET /check?id=8&token=439802f8270f900ecabdf4b5f493f41d
INFO: 2015-10-17 13:24:54.584477 msg: valid cookie
INFO: 2015-10-17 13:25:11.320623 msg: GET /check?id=8&token=439802f8270f900ecabdf4b5f493f41d
INFO: 2015-10-17 13:25:11.360348 msg: valid cookie
INFO: 2015-10-17 13:25:53.111134 msg: GET /check?id=8&token=439802f8270f900ecabdf4b5f493f41d
INFO: 2015-10-17 13:25:53.166626 msg: valid cookie
INFO: 2015-10-17 13:26:15.980398 msg: GET /check?id=8&token=439802f8270f900ecabdf4b5f493f41d
INFO: 2015-10-17 13:26:16.020735 msg: valid cookie
INFO: 2015-10-17 13:26:33.395645 msg: GET /check?id=8&token=439802f8270f900ecabdf4b5f493f41d
INFO: 2015-10-17 13:26:33.442563 msg: valid cookie
INFO: 2015-10-17 13:27:12.799918 msg: GET /check?id=8&token=439802f8270f900ecabdf4b5f493f41d
INFO: 2015-10-17 13:27:12.852309 msg: valid cookie
INFO: 2015-10-17 13:27:15.046601 msg: GET /check?id=8&token=439802f8270f900ecabdf4b5f493f41d
INFO: 2015-10-17 13:27:15.094510 msg: valid cookie
INFO: 2015-10-17 13:27:22.567412 msg: GET /check?id=8&token=439802f8270f900ecabdf4b5f493f41d
INFO: 2015-10-17 13:27:22.606341 msg: valid cookie
INFO: 2015-10-17 13:27:51.314103 msg: GET /check?id=8&token=439802f8270f900ecabdf4b5f493f41d
INFO: 2015-10-17 13:27:51.365936 msg: valid cookie
INFO: 2015-10-17 13:28:06.126470 msg: GET /check?id=8&token=439802f8270f900ecabdf4b5f493f41d
INFO: 2015-10-17 13:28:06.181545 msg: valid cookie
INFO: 2015-10-17 13:29:42.147379 msg: GET /check?id=8&token=439802f8270f900ecabdf4b5f493f41d
INFO: 2015-10-17 13:29:42.206001 msg: valid cookie
INFO: 2015-10-17 13:31:38.025540 msg: GET /check?id=8&token=439802f8270f900ecabdf4b5f493f41d
INFO: 2015-10-17 13:31:38.081482 msg: valid cookie
INFO: 2015-10-17 13:32:43.066111 msg: GET /check?id=8&token=439802f8270f900ecabdf4b5f493f41d
INFO: 2015-10-17 13:32:43.104698 msg: valid cookie
INFO: 2015-10-17 13:33:14.147847 msg: GET /check?id=8&token=439802f8270f900ecabdf4b5f493f41d
INFO: 2015-10-17 13:33:14.225812 msg: valid cookie
INFO: 2015-10-17 13:33:18.370327 msg: GET /check?id=8&token=439802f8270f900ecabdf4b5f493f41d
INFO: 2015-10-17 13:33:18.435826 msg: valid cookie
INFO: 2015-10-17 13:33:33.646398 msg: GET /check?id=8&token=439802f8270f900ecabdf4b5f493f41d
INFO: 2015-10-17 13:33:33.696548 msg: valid cookie
INFO: 2015-10-17 13:33:39.302711 msg: GET /check?id=8&token=439802f8270f900ecabdf4b5f493f41d
INFO: 2015-10-17 13:33:39.354974 msg: valid cookie
INFO: 2015-10-17 13:33:46.530025 msg: GET /check?id=8&token=439802f8270f900ecabdf4b5f493f41d
INFO: 2015-10-17 13:33:46.569883 msg: valid cookie
INFO: 2015-10-17 13:33:56.829005 msg: GET /check?id=8&token=439802f8270f900ecabdf4b5f493f41d
INFO: 2015-10-17 13:33:56.883368 msg: valid cookie
INFO: 2015-10-17 13:34:00.627494 msg: GET /check?id=8&token=439802f8270f900ecabdf4b5f493f41d
INFO: 2015-10-17 13:34:00.720214 msg: valid cookie
INFO: 2015-10-17 13:34:04.499611 msg: GET /check?id=8&token=439802f8270f900ecabdf4b5f493f41d
INFO: 2015-10-17 13:34:04.546162 msg: valid cookie
INFO: 2015-10-17 13:34:07.412398 msg: GET /check?id=8&token=439802f8270f900ecabdf4b5f493f41d
INFO: 2015-10-17 13:34:07.458973 msg: valid cookie
INFO: 2015-10-17 13:39:16.602111 msg: GET /check?id=8&token=439802f8270f900ecabdf4b5f493f41d
INFO: 2015-10-17 13:39:16.694496 msg: valid cookie
INFO: 2015-10-17 13:39:24.002184 msg: GET /check?id=8&token=439802f8270f900ecabdf4b5f493f41d
INFO: 2015-10-17 13:39:24.064576 msg: valid cookie
INFO: 2015-10-17 13:39:35.804040 msg: GET /check?id=8&token=439802f8270f900ecabdf4b5f493f41d
INFO: 2015-10-17 13:39:35.859755 msg: valid cookie
INFO: 2015-10-17 13:39:40.431032 msg: GET /check?id=8&token=439802f8270f900ecabdf4b5f493f41d
INFO: 2015-10-17 13:39:40.502429 msg: valid cookie
INFO: 2015-10-17 13:39:41.010547 msg: GET /check?id=8&token=439802f8270f900ecabdf4b5f493f41d
INFO: 2015-10-17 13:39:41.063036 msg: valid cookie
INFO: 2015-10-17 13:39:44.749596 msg: GET /check?id=8&token=439802f8270f900ecabdf4b5f493f41d
INFO: 2015-10-17 13:39:44.799002 msg: valid cookie
INFO: 2015-10-17 13:39:45.433907 msg: GET /check?id=8&token=439802f8270f900ecabdf4b5f493f41d
INFO: 2015-10-17 13:39:45.506609 msg: valid cookie
INFO: 2015-10-17 13:49:14.876948 msg: GET /check?id=8&token=439802f8270f900ecabdf4b5f493f41d
INFO: 2015-10-17 13:49:14.924079 msg: valid cookie
INFO: 2015-10-17 13:49:14.976078 msg: GET /me?userId=3
INFO: 2015-10-17 13:49:15.026370 msg: user emailuser@user.com
INFO: 2015-10-17 13:49:44.505651 msg: GET /check?id=8&token=439802f8270f900ecabdf4b5f493f41d
INFO: 2015-10-17 13:49:44.567349 msg: valid cookie
INFO: 2015-10-17 13:49:44.634023 msg: GET /me?userId=3
INFO: 2015-10-17 13:49:44.679150 msg: user emailuser@user.com
INFO: 2015-10-17 13:51:45.096963 msg: GET /check?id=8&token=439802f8270f900ecabdf4b5f493f41d
INFO: 2015-10-17 13:51:45.161861 msg: valid cookie
INFO: 2015-10-17 13:51:45.242724 msg: GET /me?userId=3
INFO: 2015-10-17 13:51:45.289408 msg: user emailuser@user.com
INFO: 2015-10-17 13:52:22.440106 msg: GET /check?id=8&token=439802f8270f900ecabdf4b5f493f41d
INFO: 2015-10-17 13:52:22.484903 msg: valid cookie
INFO: 2015-10-17 13:52:22.602212 msg: GET /me?userId=3
INFO: 2015-10-17 13:52:22.657446 msg: user emailuser@user.com
INFO: 2015-10-17 13:52:46.170309 msg: GET /check?id=8&token=439802f8270f900ecabdf4b5f493f41d
INFO: 2015-10-17 13:52:46.246785 msg: valid cookie
INFO: 2015-10-17 13:52:46.466922 msg: GET /me?userId=3
INFO: 2015-10-17 13:52:46.529633 msg: user emailuser@user.com
INFO: 2015-10-17 13:53:23.219820 msg: GET /check?id=8&token=439802f8270f900ecabdf4b5f493f41d
INFO: 2015-10-17 13:53:23.274524 msg: valid cookie
INFO: 2015-10-17 13:53:23.347218 msg: GET /me?userId=3
INFO: 2015-10-17 13:53:23.403751 msg: user emailuser@user.com
INFO: 2015-10-17 13:53:56.526608 msg: GET /check?id=8&token=439802f8270f900ecabdf4b5f493f41d
INFO: 2015-10-17 13:53:56.601669 msg: valid cookie
INFO: 2015-10-17 13:53:56.703408 msg: GET /me?userId=3
INFO: 2015-10-17 13:53:56.753583 msg: user emailuser@user.com
INFO: 2015-10-17 13:54:45.896058 msg: GET /check?id=8&token=439802f8270f900ecabdf4b5f493f41d
INFO: 2015-10-17 13:54:45.966961 msg: valid cookie
INFO: 2015-10-17 13:54:46.043355 msg: GET /me?userId=3
INFO: 2015-10-17 13:54:46.090872 msg: user emailuser@user.com
INFO: 2015-10-17 14:00:09.379564 msg: GET /check?id=8&token=439802f8270f900ecabdf4b5f493f41d
INFO: 2015-10-17 14:00:09.418010 msg: valid cookie
INFO: 2015-10-17 14:00:34.434113 msg: GET /check?id=8&token=439802f8270f900ecabdf4b5f493f41d
INFO: 2015-10-17 14:00:34.483491 msg: valid cookie
INFO: 2015-10-17 14:00:34.545159 msg: GET /me?userId=3
INFO: 2015-10-17 14:00:34.594796 msg: user emailuser@user.com
INFO: 2015-10-17 14:00:47.518551 msg: GET /check?id=8&token=439802f8270f900ecabdf4b5f493f41d
INFO: 2015-10-17 14:00:47.568646 msg: valid cookie
INFO: 2015-10-17 14:00:47.803758 msg: GET /check?id=8&token=439802f8270f900ecabdf4b5f493f41d
INFO: 2015-10-17 14:00:47.879050 msg: valid cookie
INFO: 2015-10-17 14:00:48.042833 msg: GET /me?userId=3
INFO: 2015-10-17 14:00:48.107587 msg: user emailuser@user.com
INFO: 2015-10-17 14:01:19.598893 msg: GET /check?id=8&token=439802f8270f900ecabdf4b5f493f41d
INFO: 2015-10-17 14:01:19.646449 msg: valid cookie
INFO: 2015-10-17 14:01:19.698424 msg: GET /me?userId=3
INFO: 2015-10-17 14:01:19.752646 msg: user emailuser@user.com
INFO: 2015-10-17 14:40:03.022474 msg: GET /check?id=8&token=439802f8270f900ecabdf4b5f493f41d
INFO: 2015-10-17 14:40:03.072954 msg: valid cookie
INFO: 2015-10-17 14:40:03.632030 msg: GET /check?id=8&token=439802f8270f900ecabdf4b5f493f41d
INFO: 2015-10-17 14:40:03.679377 msg: valid cookie
INFO: 2015-10-17 14:40:11.420624 msg: GET /check?id=8&token=439802f8270f900ecabdf4b5f493f41d
INFO: 2015-10-17 14:40:11.474662 msg: valid cookie
INFO: 2015-10-17 14:40:11.549355 msg: GET /me?userId=3
INFO: 2015-10-17 14:40:11.598449 msg: user emailuser@user.com
INFO: 2015-10-17 14:40:13.139364 msg: GET /check?id=8&token=439802f8270f900ecabdf4b5f493f41d
INFO: 2015-10-17 14:40:13.199643 msg: valid cookie
INFO: 2015-10-17 14:40:18.418756 msg: GET /check?id=8&token=439802f8270f900ecabdf4b5f493f41d
INFO: 2015-10-17 14:40:18.478567 msg: valid cookie
INFO: 2015-10-17 14:40:21.280085 msg: GET /check?id=8&token=439802f8270f900ecabdf4b5f493f41d
INFO: 2015-10-17 14:40:21.337530 msg: valid cookie
INFO: 2015-10-17 14:40:21.614250 msg: GET /me?userId=3
INFO: 2015-10-17 14:40:21.659057 msg: user emailuser@user.com
INFO: 2015-10-17 14:42:40.822531 msg: GET /check?id=8&token=439802f8270f900ecabdf4b5f493f41d
INFO: 2015-10-17 14:42:40.912809 msg: valid cookie
INFO: 2015-10-17 14:42:41.038571 msg: DELETE /logout?id=8&token=439802f8270f900ecabdf4b5f493f41d
INFO: 2015-10-17 14:42:41.038826 msg: clear cookie: 
INFO: 2015-10-17 14:42:41.038909 msg: token: 439802f8270f900ecabdf4b5f493f41d
INFO: 2015-10-17 14:42:41.039024 msg: id: 8
INFO: 2015-10-17 14:42:41.127611 msg: cookie deleted
INFO: 2015-10-17 14:43:03.609652 msg: PUT /register?last_name=smax&password=1234&email=u2%40user.com&name=alex
INFO: 2015-10-17 14:43:03.610518 msg: register: email u2@user.com
INFO: 2015-10-17 14:43:03.665436 msg: user registered
INFO: 2015-10-17 14:43:12.678959 msg: POST /login
INFO: 2015-10-17 14:43:12.679242 msg: login request
INFO: 2015-10-17 14:43:12.679355 msg: email: u2@user.com
INFO: 2015-10-17 14:43:12.735934 msg: 9
INFO: 2015-10-17 14:43:12.736083 msg: login successful: 
INFO: 2015-10-17 14:43:12.736196 msg: id: 4
INFO: 2015-10-17 14:43:12.736287 msg: token: 438e9aa465a0f505b6dbbdcae4f26e93
INFO: 2015-10-17 14:43:13.001543 msg: GET /check?id=9&token=438e9aa465a0f505b6dbbdcae4f26e93
INFO: 2015-10-17 14:43:13.061187 msg: valid cookie
INFO: 2015-10-17 14:43:22.300845 msg: GET /check?id=9&token=438e9aa465a0f505b6dbbdcae4f26e93
INFO: 2015-10-17 14:43:22.347572 msg: valid cookie
INFO: 2015-10-17 14:43:22.398595 msg: GET /me?userId=4
INFO: 2015-10-17 14:43:22.443080 msg: user emailu2@user.com
INFO: 2015-10-17 14:43:24.907866 msg: GET /check?id=9&token=438e9aa465a0f505b6dbbdcae4f26e93
INFO: 2015-10-17 14:43:24.976778 msg: valid cookie
INFO: 2015-10-17 14:43:25.361959 msg: GET /me?userId=3
INFO: 2015-10-17 14:43:25.409544 msg: user emailuser@user.com
INFO: 2015-10-17 14:46:05.748706 msg: GET /check?id=9&token=438e9aa465a0f505b6dbbdcae4f26e93
INFO: 2015-10-17 14:46:05.792703 msg: valid cookie
INFO: 2015-10-17 14:46:06.025915 msg: GET /me?userId=3
INFO: 2015-10-17 14:46:06.070580 msg: user emailuser@user.com
INFO: 2015-10-17 14:47:12.303414 msg: GET /check?id=9&token=438e9aa465a0f505b6dbbdcae4f26e93
INFO: 2015-10-17 14:47:12.363387 msg: valid cookie
INFO: 2015-10-17 14:47:16.624144 msg: GET /me?userId=3
INFO: 2015-10-17 14:47:16.721655 msg: user emailuser@user.com
INFO: 2015-10-17 14:48:27.505037 msg: GET /check?id=9&token=438e9aa465a0f505b6dbbdcae4f26e93
INFO: 2015-10-17 14:48:27.564224 msg: valid cookie
INFO: 2015-10-17 14:48:45.210831 msg: GET /me?userId=3
INFO: 2015-10-17 14:48:45.280297 msg: user emailuser@user.com
INFO: 2015-10-17 14:49:22.682429 msg: GET /check?id=9&token=438e9aa465a0f505b6dbbdcae4f26e93
INFO: 2015-10-17 14:49:22.791015 msg: valid cookie
INFO: 2015-10-17 14:49:30.354942 msg: GET /me?userId=3
INFO: 2015-10-17 14:49:30.420575 msg: user emailuser@user.com
INFO: 2015-10-17 14:50:03.771726 msg: GET /check?id=9&token=438e9aa465a0f505b6dbbdcae4f26e93
INFO: 2015-10-17 14:50:03.818334 msg: valid cookie
INFO: 2015-10-17 14:50:12.298736 msg: GET /me?userId=3
INFO: 2015-10-17 14:50:12.350216 msg: user emailuser@user.com
INFO: 2015-10-17 14:51:01.063324 msg: GET /check?id=9&token=438e9aa465a0f505b6dbbdcae4f26e93
INFO: 2015-10-17 14:51:01.148802 msg: valid cookie
INFO: 2015-10-17 14:51:01.504203 msg: GET /me?userId=3
INFO: 2015-10-17 14:51:01.540941 msg: user emailuser@user.com
INFO: 2015-10-17 14:51:35.758495 msg: GET /check?id=9&token=438e9aa465a0f505b6dbbdcae4f26e93
INFO: 2015-10-17 14:51:35.812756 msg: valid cookie
INFO: 2015-10-17 14:51:36.054810 msg: GET /me?userId=3
INFO: 2015-10-17 14:51:36.099194 msg: user emailuser@user.com
INFO: 2015-10-17 14:52:32.564768 msg: GET /check?id=9&token=438e9aa465a0f505b6dbbdcae4f26e93
INFO: 2015-10-17 14:52:32.627419 msg: valid cookie
INFO: 2015-10-17 14:52:34.810035 msg: GET /check?id=9&token=438e9aa465a0f505b6dbbdcae4f26e93
INFO: 2015-10-17 14:52:34.893508 msg: valid cookie
INFO: 2015-10-17 14:52:46.555356 msg: GET /check?id=9&token=438e9aa465a0f505b6dbbdcae4f26e93
INFO: 2015-10-17 14:52:46.638459 msg: valid cookie
INFO: 2015-10-17 14:52:46.892721 msg: GET /me?userId=4
INFO: 2015-10-17 14:52:46.956372 msg: user emailu2@user.com
INFO: 2015-10-17 14:52:47.537779 msg: GET /check?id=9&token=438e9aa465a0f505b6dbbdcae4f26e93
INFO: 2015-10-17 14:52:47.606816 msg: valid cookie
INFO: 2015-10-17 14:52:58.509134 msg: GET /check?id=9&token=438e9aa465a0f505b6dbbdcae4f26e93
INFO: 2015-10-17 14:52:58.550040 msg: valid cookie
INFO: 2015-10-17 14:52:59.113708 msg: GET /me?userId=3
INFO: 2015-10-17 14:52:59.172245 msg: user emailuser@user.com
INFO: 2015-10-17 14:53:01.740080 msg: GET /check?id=9&token=438e9aa465a0f505b6dbbdcae4f26e93
INFO: 2015-10-17 14:53:02.190049 msg: valid cookie
INFO: 2015-10-17 14:53:02.914181 msg: GET /me?userId=3
INFO: 2015-10-17 14:53:02.981837 msg: user emailuser@user.com
INFO: 2015-10-17 18:46:31.681571 msg: GET /check?id=9&token=438e9aa465a0f505b6dbbdcae4f26e93
INFO: 2015-10-17 18:46:31.746392 msg: invalid cookie
INFO: 2015-10-17 18:46:32.170221 msg: GET /check?id=9&token=438e9aa465a0f505b6dbbdcae4f26e93
INFO: 2015-10-17 18:46:32.220240 msg: invalid cookie
INFO: 2015-10-17 18:46:38.859985 msg: GET /check?id=9&token=438e9aa465a0f505b6dbbdcae4f26e93
INFO: 2015-10-17 18:46:38.908402 msg: invalid cookie
INFO: 2015-10-17 18:46:38.978030 msg: POST /login
INFO: 2015-10-17 18:46:38.978488 msg: login request
INFO: 2015-10-17 18:46:38.978607 msg: email: u2@user.com
INFO: 2015-10-17 18:46:39.031369 msg: 10
INFO: 2015-10-17 18:46:39.031596 msg: login successful: 
INFO: 2015-10-17 18:46:39.031708 msg: id: 4
INFO: 2015-10-17 18:46:39.031815 msg: token: f67ad1c08b3b4363763c78c33e8cccca
INFO: 2015-10-17 18:46:39.471622 msg: GET /check?id=10&token=f67ad1c08b3b4363763c78c33e8cccca
INFO: 2015-10-17 18:46:39.535218 msg: valid cookie
INFO: 2015-10-17 18:46:54.714319 msg: GET /check?id=10&token=f67ad1c08b3b4363763c78c33e8cccca
INFO: 2015-10-17 18:46:54.763491 msg: valid cookie
INFO: 2015-10-17 18:46:54.823684 msg: GET /me?userId=4
INFO: 2015-10-17 18:46:54.870928 msg: user emailu2@user.com
INFO: 2015-10-17 18:46:56.836037 msg: GET /check?id=10&token=f67ad1c08b3b4363763c78c33e8cccca
INFO: 2015-10-17 18:46:56.910644 msg: valid cookie
INFO: 2015-10-17 18:47:03.750374 msg: GET /me?userId=3
INFO: 2015-10-17 18:47:03.836843 msg: user emailuser@user.com
INFO: 2015-10-17 18:52:43.454761 msg: GET /check?id=10&token=f67ad1c08b3b4363763c78c33e8cccca
INFO: 2015-10-17 18:52:43.594622 msg: valid cookie
INFO: 2015-10-17 18:52:55.866607 msg: GET /me?userId=3
INFO: 2015-10-17 18:52:55.972382 msg: user emailuser@user.com
INFO: 2015-10-17 18:52:59.980657 msg: GET /check?id=10&token=f67ad1c08b3b4363763c78c33e8cccca
INFO: 2015-10-17 18:53:00.057402 msg: valid cookie
INFO: 2015-10-17 18:53:06.231989 msg: GET /check?id=10&token=f67ad1c08b3b4363763c78c33e8cccca
INFO: 2015-10-17 18:53:06.326954 msg: valid cookie
INFO: 2015-10-17 18:53:11.247132 msg: GET /check?id=10&token=f67ad1c08b3b4363763c78c33e8cccca
INFO: 2015-10-17 18:53:11.350785 msg: valid cookie
INFO: 2015-10-17 18:53:15.332699 msg: GET /check?id=10&token=f67ad1c08b3b4363763c78c33e8cccca
INFO: 2015-10-17 18:53:15.406323 msg: valid cookie
INFO: 2015-10-17 18:53:21.761021 msg: GET /check?id=10&token=f67ad1c08b3b4363763c78c33e8cccca
INFO: 2015-10-17 18:53:21.821105 msg: valid cookie
INFO: 2015-10-17 18:53:21.897103 msg: GET /me?userId=4
INFO: 2015-10-17 18:53:21.948956 msg: user emailu2@user.com
INFO: 2015-10-17 18:53:25.269391 msg: GET /check?id=10&token=f67ad1c08b3b4363763c78c33e8cccca
INFO: 2015-10-17 18:53:25.353498 msg: valid cookie
INFO: 2015-10-17 19:26:28.839620 msg: GET /check?id=10&token=f67ad1c08b3b4363763c78c33e8cccca
INFO: 2015-10-17 19:26:28.890937 msg: valid cookie
INFO: 2015-10-17 19:26:55.048273 msg: GET /check?id=10&token=f67ad1c08b3b4363763c78c33e8cccca
INFO: 2015-10-17 19:26:55.125587 msg: valid cookie
INFO: 2015-10-17 19:27:44.320207 msg: GET /check?id=10&token=f67ad1c08b3b4363763c78c33e8cccca
INFO: 2015-10-17 19:27:44.387843 msg: valid cookie
INFO: 2015-10-17 20:45:43.103019 msg: GET /check?id=10&token=f67ad1c08b3b4363763c78c33e8cccca
INFO: 2015-10-17 20:45:43.135588 msg: valid cookie
INFO: 2015-10-17 20:45:46.613734 msg: GET /check?id=10&token=f67ad1c08b3b4363763c78c33e8cccca
INFO: 2015-10-17 20:45:46.671241 msg: valid cookie
